2022-10-11 10:34:16,541 [INFO] Activator:177 - 


2022-10-11 10:34:16,543 [INFO] Activator:178 - !SESSION log4j initialized
2022-10-11 10:34:37,903 [INFO] McuFinderGlobals:39 - Set McuFinder mode to 2 (CubeIDE integrated)
2022-10-11 10:34:38,026 [INFO] ApplicationProperties:181 - Using Application install path: D:\Programs\STM32\STM32CubeIDE_1.7.0\STM32CubeIDE\plugins\com.st.stm32cube.common.mx_6.3.0.202107141111
2022-10-11 10:34:38,037 [INFO] DbMcusXml:74 - Set database path to: D:\Programs\STM32\STM32CubeIDE_1.7.0\STM32CubeIDE\plugins\com.st.stm32cube.common.mx_6.3.0.202107141111\\db\/mcu/
2022-10-11 10:34:38,042 [INFO] DbBoardsPdsc:56 - Set plugin database path to: D:\Programs\STM32\STM32CubeIDE_1.7.0\STM32CubeIDE\plugins\com.st.stm32cube.common.mx_6.3.0.202107141111\\db\/plugins/boardmanager/
2022-10-11 10:34:38,043 [INFO] DbMcus:258 - Set plugin images path to: D:\Programs\STM32\STM32CubeIDE_1.7.0\STM32CubeIDE\plugins\com.st.stm32cube.common.mx_6.3.0.202107141111\\db\/plugins/mcufinder/images/
2022-10-11 10:34:38,043 [INFO] DbBoards:264 - Set plugin images path to: D:\Programs\STM32\STM32CubeIDE_1.7.0\STM32CubeIDE\plugins\com.st.stm32cube.common.mx_6.3.0.202107141111\\db\/plugins/mcufinder/images/
2022-10-11 10:34:38,046 [INFO] DbExamples:333 - Set plugin images path to: D:\Programs\STM32\STM32CubeIDE_1.7.0\STM32CubeIDE\plugins\com.st.stm32cube.common.mx_6.3.0.202107141111\\db\/plugins/mcufinder/images/
2022-10-11 10:34:38,051 [INFO] DbMcusAds:119 - Set database path to: C:\Users\dell\.stmcufinder\plugins\mcufinder//mcu/
2022-10-11 10:34:38,052 [INFO] DbMcusDocs:110 - Set database path to: C:\Users\dell\.stmcufinder\plugins\mcufinder//mcu/
2022-10-11 10:34:38,054 [INFO] DbMcusJson:64 - Set database path to: C:\Users\dell\.stmcufinder\plugins\mcufinder//mcu/
2022-10-11 10:34:38,055 [INFO] DbBoardsDocs:110 - Set database path to: C:\Users\dell\.stmcufinder\plugins\mcufinder//mcu/
2022-10-11 10:34:38,057 [INFO] DbBoardsJson:57 - Set database path to: C:\Users\dell\.stmcufinder\plugins\mcufinder//mcu/
2022-10-11 10:34:38,064 [INFO] CrossReferenceDbSqlite:196 - Set database path to: C:\Users\dell\.stmcufinder\plugins\mcufinder//mcu/cs/
2022-10-11 10:34:38,068 [INFO] DbExamplesSqlite:767 - Set database path to: C:\Users\dell\.stmcufinder\plugins\mcufinder//mcu/
2022-10-11 10:34:38,174 [INFO] RulesReader:57 - Compatibility file has been processed (242 Rules)
2022-10-11 10:34:38,264 [INFO] DbMcusXml:74 - Set database path to: D:\Programs\STM32\STM32CubeIDE_1.7.0\STM32CubeIDE\plugins\com.st.stm32cube.common.mx_6.3.0.202107141111\\db\/mcu/
2022-10-11 10:34:38,265 [INFO] DbBoardsPdsc:56 - Set plugin database path to: D:\Programs\STM32\STM32CubeIDE_1.7.0\STM32CubeIDE\plugins\com.st.stm32cube.common.mx_6.3.0.202107141111\\db\/plugins/boardmanager/
2022-10-11 10:34:38,265 [INFO] DbMcus:258 - Set plugin images path to: D:\Programs\STM32\STM32CubeIDE_1.7.0\STM32CubeIDE\plugins\com.st.stm32cube.common.mx_6.3.0.202107141111\\db\/plugins/mcufinder/images/
2022-10-11 10:34:38,265 [INFO] DbBoards:264 - Set plugin images path to: D:\Programs\STM32\STM32CubeIDE_1.7.0\STM32CubeIDE\plugins\com.st.stm32cube.common.mx_6.3.0.202107141111\\db\/plugins/mcufinder/images/
2022-10-11 10:34:38,266 [INFO] DbExamples:333 - Set plugin images path to: D:\Programs\STM32\STM32CubeIDE_1.7.0\STM32CubeIDE\plugins\com.st.stm32cube.common.mx_6.3.0.202107141111\\db\/plugins/mcufinder/images/
2022-10-11 10:34:38,266 [WARN] DbFile:35 - Overriding database path with different value: C:\Users\dell\.stmcufinder\plugins\mcufinder/ => C:\Users\dell\.stmcufinder\plugins\mcufinder
2022-10-11 10:34:38,266 [INFO] DbMcusAds:119 - Set database path to: C:\Users\dell\.stmcufinder\plugins\mcufinder//mcu/
2022-10-11 10:34:38,266 [WARN] DbFile:35 - Overriding database path with different value: C:\Users\dell\.stmcufinder\plugins\mcufinder/ => C:\Users\dell\.stmcufinder\plugins\mcufinder
2022-10-11 10:34:38,266 [INFO] DbMcusDocs:110 - Set database path to: C:\Users\dell\.stmcufinder\plugins\mcufinder//mcu/
2022-10-11 10:34:38,267 [WARN] DbFile:35 - Overriding database path with different value: C:\Users\dell\.stmcufinder\plugins\mcufinder/ => C:\Users\dell\.stmcufinder\plugins\mcufinder
2022-10-11 10:34:38,267 [INFO] DbMcusJson:64 - Set database path to: C:\Users\dell\.stmcufinder\plugins\mcufinder//mcu/
2022-10-11 10:34:38,267 [WARN] DbFile:35 - Overriding database path with different value: C:\Users\dell\.stmcufinder\plugins\mcufinder/ => C:\Users\dell\.stmcufinder\plugins\mcufinder
2022-10-11 10:34:38,268 [INFO] DbBoardsDocs:110 - Set database path to: C:\Users\dell\.stmcufinder\plugins\mcufinder//mcu/
2022-10-11 10:34:38,268 [WARN] DbFile:35 - Overriding database path with different value: C:\Users\dell\.stmcufinder\plugins\mcufinder/ => C:\Users\dell\.stmcufinder\plugins\mcufinder
2022-10-11 10:34:38,268 [INFO] DbBoardsJson:57 - Set database path to: C:\Users\dell\.stmcufinder\plugins\mcufinder//mcu/
2022-10-11 10:34:38,268 [WARN] DbFile:35 - Overriding database path with different value: C:\Users\dell\.stmcufinder\plugins\mcufinder/ => C:\Users\dell\.stmcufinder\plugins\mcufinder
2022-10-11 10:34:38,268 [WARN] DbFile:35 - Overriding database path with different value: C:\Users\dell\.stmcufinder\plugins\mcufinder/ => C:\Users\dell\.stmcufinder\plugins\mcufinder
2022-10-11 10:34:38,268 [INFO] CrossReferenceDbSqlite:196 - Set database path to: C:\Users\dell\.stmcufinder\plugins\mcufinder//mcu/cs/
2022-10-11 10:34:38,268 [WARN] DbFile:35 - Overriding database path with different value: C:\Users\dell\.stmcufinder\plugins\mcufinder/ => C:\Users\dell\.stmcufinder\plugins\mcufinder
2022-10-11 10:34:38,268 [INFO] DbExamplesSqlite:767 - Set database path to: C:\Users\dell\.stmcufinder\plugins\mcufinder//mcu/
2022-10-11 10:34:38,343 [INFO] MainPanel:214 - HeapMemory: 268435456
2022-10-11 10:34:38,418 [INFO] DbMcusXml:74 - Set database path to: D:\Programs\STM32\STM32CubeIDE_1.7.0\STM32CubeIDE\plugins\com.st.stm32cube.common.mx_6.3.0.202107141111\\db\/mcu/
2022-10-11 10:34:38,418 [INFO] DbBoardsPdsc:56 - Set plugin database path to: D:\Programs\STM32\STM32CubeIDE_1.7.0\STM32CubeIDE\plugins\com.st.stm32cube.common.mx_6.3.0.202107141111\\db\/plugins/boardmanager/
2022-10-11 10:34:38,419 [INFO] DbMcus:258 - Set plugin images path to: D:\Programs\STM32\STM32CubeIDE_1.7.0\STM32CubeIDE\plugins\com.st.stm32cube.common.mx_6.3.0.202107141111\\db\/plugins/mcufinder/images/
2022-10-11 10:34:38,419 [INFO] DbBoards:264 - Set plugin images path to: D:\Programs\STM32\STM32CubeIDE_1.7.0\STM32CubeIDE\plugins\com.st.stm32cube.common.mx_6.3.0.202107141111\\db\/plugins/mcufinder/images/
2022-10-11 10:34:38,419 [INFO] DbExamples:333 - Set plugin images path to: D:\Programs\STM32\STM32CubeIDE_1.7.0\STM32CubeIDE\plugins\com.st.stm32cube.common.mx_6.3.0.202107141111\\db\/plugins/mcufinder/images/
2022-10-11 10:34:38,419 [WARN] DbFile:35 - Overriding database path with different value: C:\Users\dell\.stmcufinder\plugins\mcufinder/ => C:\Users\dell\.stmcufinder\plugins\mcufinder
2022-10-11 10:34:38,419 [INFO] DbMcusAds:119 - Set database path to: C:\Users\dell\.stmcufinder\plugins\mcufinder//mcu/
2022-10-11 10:34:38,419 [WARN] DbFile:35 - Overriding database path with different value: C:\Users\dell\.stmcufinder\plugins\mcufinder/ => C:\Users\dell\.stmcufinder\plugins\mcufinder
2022-10-11 10:34:38,420 [INFO] DbMcusDocs:110 - Set database path to: C:\Users\dell\.stmcufinder\plugins\mcufinder//mcu/
2022-10-11 10:34:38,420 [WARN] DbFile:35 - Overriding database path with different value: C:\Users\dell\.stmcufinder\plugins\mcufinder/ => C:\Users\dell\.stmcufinder\plugins\mcufinder
2022-10-11 10:34:38,420 [INFO] DbMcusJson:64 - Set database path to: C:\Users\dell\.stmcufinder\plugins\mcufinder//mcu/
2022-10-11 10:34:38,420 [WARN] DbFile:35 - Overriding database path with different value: C:\Users\dell\.stmcufinder\plugins\mcufinder/ => C:\Users\dell\.stmcufinder\plugins\mcufinder
2022-10-11 10:34:38,420 [INFO] DbBoardsDocs:110 - Set database path to: C:\Users\dell\.stmcufinder\plugins\mcufinder//mcu/
2022-10-11 10:34:38,420 [WARN] DbFile:35 - Overriding database path with different value: C:\Users\dell\.stmcufinder\plugins\mcufinder/ => C:\Users\dell\.stmcufinder\plugins\mcufinder
2022-10-11 10:34:38,420 [INFO] DbBoardsJson:57 - Set database path to: C:\Users\dell\.stmcufinder\plugins\mcufinder//mcu/
2022-10-11 10:34:38,420 [WARN] DbFile:35 - Overriding database path with different value: C:\Users\dell\.stmcufinder\plugins\mcufinder/ => C:\Users\dell\.stmcufinder\plugins\mcufinder
2022-10-11 10:34:38,421 [WARN] DbFile:35 - Overriding database path with different value: C:\Users\dell\.stmcufinder\plugins\mcufinder/ => C:\Users\dell\.stmcufinder\plugins\mcufinder
2022-10-11 10:34:38,421 [INFO] CrossReferenceDbSqlite:196 - Set database path to: C:\Users\dell\.stmcufinder\plugins\mcufinder//mcu/cs/
2022-10-11 10:34:38,421 [WARN] DbFile:35 - Overriding database path with different value: C:\Users\dell\.stmcufinder\plugins\mcufinder/ => C:\Users\dell\.stmcufinder\plugins\mcufinder
2022-10-11 10:34:38,421 [INFO] DbExamplesSqlite:767 - Set database path to: C:\Users\dell\.stmcufinder\plugins\mcufinder//mcu/
2022-10-11 10:34:38,440 [INFO] ApplicationProperties:181 - Using Application install path: D:\Programs\STM32\STM32CubeIDE_1.7.0\STM32CubeIDE\plugins\com.st.stm32cube.common.mx_6.3.0.202107141111
2022-10-11 10:34:38,442 [INFO] PluginManage:188 - Search for loadable plugins [exclusion list=, ]
2022-10-11 10:34:38,443 [INFO] PluginManage:302 - Check plugin analytics
2022-10-11 10:34:43,160 [INFO] AnalyticsPlugin:257 - Accepted Software Licenses: 
2022-10-11 10:34:43,161 [INFO] AnalyticsPlugin:259 - Accepted CMSIS Pack Licenses: 
2022-10-11 10:34:43,161 [INFO] AnalyticsPlugin:261 - Accepted Firmware Licenses: 
2022-10-11 10:34:43,161 [INFO] PluginManage:352 - Loaded plugin analytics (category:tool,tabindex:-1)
2022-10-11 10:34:43,162 [INFO] PluginManage:302 - Check plugin clock
2022-10-11 10:34:43,177 [INFO] PluginManage:352 - Loaded plugin clock (category:base,tabindex:2)
2022-10-11 10:34:43,178 [INFO] PluginManage:302 - Check plugin ddr
2022-10-11 10:34:43,180 [INFO] PluginManage:352 - Loaded plugin ddr (category:tool,tabindex:6)
2022-10-11 10:34:43,180 [INFO] PluginManage:302 - Check plugin filemanager
2022-10-11 10:34:43,325 [INFO] PluginManage:352 - Loaded plugin filemanager (category:base,tabindex:10)
2022-10-11 10:34:43,326 [INFO] PluginManage:302 - Check plugin ipmanager
2022-10-11 10:34:43,335 [INFO] PluginManage:352 - Loaded plugin ipmanager (category:base,tabindex:5)
2022-10-11 10:34:43,335 [INFO] PluginManage:302 - Check plugin pinoutandconfiguration
2022-10-11 10:34:43,345 [INFO] PluginManage:352 - Loaded plugin pinoutandconfiguration (category:base,tabindex:1)
2022-10-11 10:34:43,345 [INFO] PluginManage:302 - Check plugin pinoutconfig
2022-10-11 10:34:43,375 [INFO] PluginManage:352 - Loaded plugin pinoutconfig (category:base,tabindex:0)
2022-10-11 10:34:43,375 [INFO] PluginManage:302 - Check plugin power
2022-10-11 10:34:43,386 [INFO] PluginManage:352 - Loaded plugin power (category:power,tabindex:4)
2022-10-11 10:34:43,386 [INFO] PluginManage:302 - Check plugin projectmanager
2022-10-11 10:34:43,406 [INFO] PluginManage:352 - Loaded plugin projectmanager (category:projectmanager,tabindex:3)
2022-10-11 10:34:43,406 [INFO] PluginManage:302 - Check plugin thirdparty
2022-10-11 10:34:43,564 [WARN] IntegrityCheckThread:78 - waiting for thirdparty lock release [integrity check]
2022-10-11 10:34:43,564 [INFO] PluginManage:352 - Loaded plugin thirdparty (category:base,tabindex:-1)
2022-10-11 10:34:43,565 [INFO] PluginManage:302 - Check plugin tools
2022-10-11 10:34:43,565 [INFO] IntegrityCheckThread:80 - entering critical section [integrity check]
2022-10-11 10:34:43,565 [INFO] ThirdPartyUpdaterWithRetryManager:66 - Updater plugin not ready yet. [1/15]
2022-10-11 10:34:43,567 [INFO] PluginManage:352 - Loaded plugin tools (category:base,tabindex:7)
2022-10-11 10:34:43,567 [INFO] PluginManage:302 - Check plugin tutovideos
2022-10-11 10:34:43,871 [INFO] PluginManage:352 - Loaded plugin tutovideos (category:base,tabindex:-1)
2022-10-11 10:34:43,872 [INFO] PluginManage:302 - Check plugin updater
2022-10-11 10:34:43,883 [INFO] PluginManage:352 - Loaded plugin updater (category:base,tabindex:12)
2022-10-11 10:34:43,884 [INFO] PluginManage:275 - PluginManage : Loaded plugins [13]
2022-10-11 10:34:44,069 [INFO] PinOutPanel:1463 - setPackage(No Configuration,No Configuration)
2022-10-11 10:34:44,174 [INFO] IPUIPlugin:74 - create IPUIPlugin
2022-10-11 10:34:44,174 [INFO] PluginManager:213 - loadIPPluginJar : add adc
2022-10-11 10:34:44,177 [INFO] IPUIPlugin:74 - create IPUIPlugin
2022-10-11 10:34:44,177 [INFO] PluginManager:213 - loadIPPluginJar : add aes
2022-10-11 10:34:44,179 [INFO] IPUIPlugin:74 - create IPUIPlugin
2022-10-11 10:34:44,180 [INFO] PluginManager:213 - loadIPPluginJar : add can
2022-10-11 10:34:44,181 [INFO] IPUIPlugin:74 - create IPUIPlugin
2022-10-11 10:34:44,182 [INFO] PluginManager:213 - loadIPPluginJar : add comp
2022-10-11 10:34:44,184 [INFO] IPUIPlugin:74 - create IPUIPlugin
2022-10-11 10:34:44,185 [INFO] PluginManager:213 - loadIPPluginJar : add cryp
2022-10-11 10:34:44,188 [INFO] IPUIPlugin:74 - create IPUIPlugin
2022-10-11 10:34:44,189 [INFO] PluginManager:213 - loadIPPluginJar : add dfsdm
2022-10-11 10:34:44,195 [INFO] IPUIPlugin:74 - create IPUIPlugin
2022-10-11 10:34:44,196 [INFO] PluginManager:213 - loadIPPluginJar : add dma
2022-10-11 10:34:44,199 [INFO] IPUIPlugin:74 - create IPUIPlugin
2022-10-11 10:34:44,199 [INFO] PluginManager:213 - loadIPPluginJar : add dma3
2022-10-11 10:34:44,201 [INFO] IPUIPlugin:74 - create IPUIPlugin
2022-10-11 10:34:44,201 [INFO] PluginManager:213 - loadIPPluginJar : add fatfs
2022-10-11 10:34:44,207 [INFO] IPUIPlugin:74 - create IPUIPlugin
2022-10-11 10:34:44,208 [INFO] PluginManager:213 - loadIPPluginJar : add fmc
2022-10-11 10:34:44,214 [INFO] IPUIPlugin:74 - create IPUIPlugin
2022-10-11 10:34:44,214 [INFO] PluginManager:213 - loadIPPluginJar : add freertos
2022-10-11 10:34:44,216 [INFO] IPUIPlugin:74 - create IPUIPlugin
2022-10-11 10:34:44,216 [INFO] PluginManager:213 - loadIPPluginJar : add genericplugin
2022-10-11 10:34:44,218 [INFO] IPUIPlugin:74 - create IPUIPlugin
2022-10-11 10:34:44,218 [INFO] PluginManager:213 - loadIPPluginJar : add gfxmmu
2022-10-11 10:34:44,224 [INFO] IPUIPlugin:74 - create IPUIPlugin
2022-10-11 10:34:44,224 [INFO] PluginManager:213 - loadIPPluginJar : add gic
2022-10-11 10:34:44,228 [INFO] IPUIPlugin:74 - create IPUIPlugin
2022-10-11 10:34:44,228 [INFO] PluginManager:213 - loadIPPluginJar : add gpio
2022-10-11 10:34:44,231 [INFO] IPUIPlugin:74 - create IPUIPlugin
2022-10-11 10:34:44,232 [INFO] PluginManager:213 - loadIPPluginJar : add gtzc
2022-10-11 10:34:44,234 [INFO] IPUIPlugin:74 - create IPUIPlugin
2022-10-11 10:34:44,234 [INFO] PluginManager:213 - loadIPPluginJar : add hash
2022-10-11 10:34:44,237 [INFO] IPUIPlugin:74 - create IPUIPlugin
2022-10-11 10:34:44,238 [INFO] PluginManager:213 - loadIPPluginJar : add i2c
2022-10-11 10:34:44,241 [INFO] IPUIPlugin:74 - create IPUIPlugin
2022-10-11 10:34:44,241 [INFO] PluginManager:213 - loadIPPluginJar : add i2s
2022-10-11 10:34:44,244 [INFO] IPUIPlugin:74 - create IPUIPlugin
2022-10-11 10:34:44,244 [INFO] PluginManager:213 - loadIPPluginJar : add ipddr
2022-10-11 10:34:44,251 [INFO] IPUIPlugin:74 - create IPUIPlugin
2022-10-11 10:34:44,252 [INFO] PluginManager:213 - loadIPPluginJar : add linkedlist
2022-10-11 10:34:44,255 [INFO] IPUIPlugin:74 - create IPUIPlugin
2022-10-11 10:34:44,256 [INFO] PluginManager:213 - loadIPPluginJar : add lorawan
2022-10-11 10:34:44,257 [INFO] IPUIPlugin:74 - create IPUIPlugin
2022-10-11 10:34:44,257 [INFO] PluginManager:213 - loadIPPluginJar : add ltdc
2022-10-11 10:34:44,261 [INFO] IPUIPlugin:74 - create IPUIPlugin
2022-10-11 10:34:44,262 [INFO] PluginManager:213 - loadIPPluginJar : add mdma
2022-10-11 10:34:44,265 [INFO] IPUIPlugin:74 - create IPUIPlugin
2022-10-11 10:34:44,266 [INFO] PluginManager:213 - loadIPPluginJar : add nvic
2022-10-11 10:34:44,268 [INFO] IPUIPlugin:74 - create IPUIPlugin
2022-10-11 10:34:44,269 [INFO] PluginManager:213 - loadIPPluginJar : add opamp
2022-10-11 10:34:44,272 [INFO] IPUIPlugin:74 - create IPUIPlugin
2022-10-11 10:34:44,273 [INFO] PluginManager:213 - loadIPPluginJar : add openamp
2022-10-11 10:34:44,276 [INFO] IPUIPlugin:74 - create IPUIPlugin
2022-10-11 10:34:44,276 [INFO] PluginManager:213 - loadIPPluginJar : add pdm2pcm
2022-10-11 10:34:44,283 [INFO] IPUIPlugin:74 - create IPUIPlugin
2022-10-11 10:34:44,288 [INFO] PluginManager:213 - loadIPPluginJar : add plateformsettings
2022-10-11 10:34:44,289 [INFO] IPUIPlugin:74 - create IPUIPlugin
2022-10-11 10:34:44,290 [INFO] PluginManager:213 - loadIPPluginJar : add quadspi
2022-10-11 10:34:44,293 [INFO] IPUIPlugin:74 - create IPUIPlugin
2022-10-11 10:34:44,293 [INFO] PluginManager:213 - loadIPPluginJar : add resmgrutility
2022-10-11 10:34:44,296 [INFO] IPUIPlugin:74 - create IPUIPlugin
2022-10-11 10:34:44,297 [INFO] PluginManager:213 - loadIPPluginJar : add sai
2022-10-11 10:34:44,299 [INFO] IPUIPlugin:74 - create IPUIPlugin
2022-10-11 10:34:44,299 [INFO] PluginManager:213 - loadIPPluginJar : add spi
2022-10-11 10:34:44,305 [INFO] IPUIPlugin:74 - create IPUIPlugin
2022-10-11 10:34:44,305 [INFO] PluginManager:213 - loadIPPluginJar : add stm32_wpan
2022-10-11 10:34:44,307 [INFO] IPUIPlugin:74 - create IPUIPlugin
2022-10-11 10:34:44,307 [INFO] PluginManager:213 - loadIPPluginJar : add tim
2022-10-11 10:34:44,311 [INFO] IPUIPlugin:74 - create IPUIPlugin
2022-10-11 10:34:44,311 [INFO] PluginManager:213 - loadIPPluginJar : add touchsensing
2022-10-11 10:34:44,313 [INFO] IPUIPlugin:74 - create IPUIPlugin
2022-10-11 10:34:44,314 [INFO] PluginManager:213 - loadIPPluginJar : add tracer_emb
2022-10-11 10:34:44,315 [INFO] IPUIPlugin:74 - create IPUIPlugin
2022-10-11 10:34:44,316 [INFO] PluginManager:213 - loadIPPluginJar : add ts
2022-10-11 10:34:44,317 [INFO] IPUIPlugin:74 - create IPUIPlugin
2022-10-11 10:34:44,318 [INFO] PluginManager:213 - loadIPPluginJar : add tsc
2022-10-11 10:34:44,319 [INFO] IPUIPlugin:74 - create IPUIPlugin
2022-10-11 10:34:44,320 [INFO] PluginManager:213 - loadIPPluginJar : add ucpd
2022-10-11 10:34:44,323 [INFO] IPUIPlugin:74 - create IPUIPlugin
2022-10-11 10:34:44,323 [INFO] PluginManager:213 - loadIPPluginJar : add usart
2022-10-11 10:34:44,326 [INFO] IPUIPlugin:74 - create IPUIPlugin
2022-10-11 10:34:44,327 [INFO] PluginManager:213 - loadIPPluginJar : add usbx
2022-10-11 10:34:44,680 [FATAL] Updater:294 - Updater called before beeing initialized
2022-10-11 10:34:44,839 [FATAL] Updater:294 - Updater called before beeing initialized
2022-10-11 10:34:44,846 [INFO] DbMcusAds:47 - JSON generation date=Thu Sep 30 13:55:09 ICT 2021 (1632984909247)
2022-10-11 10:34:44,846 [FATAL] Updater:294 - Updater called before beeing initialized
2022-10-11 10:34:44,892 [WARN] DetailPanel:314 - Failed to get advertising image, set to default
2022-10-11 10:34:45,069 [FATAL] Updater:294 - Updater called before beeing initialized
2022-10-11 10:34:45,071 [FATAL] Updater:294 - Updater called before beeing initialized
2022-10-11 10:34:45,071 [FATAL] Updater:294 - Updater called before beeing initialized
2022-10-11 10:34:45,072 [WARN] DetailPanel:314 - Failed to get advertising image, set to default
2022-10-11 10:34:45,072 [FATAL] Updater:294 - Updater called before beeing initialized
2022-10-11 10:34:45,142 [ERROR] Updater:1075 - MainUpdater not yet initialized. External WinMGr cannot be set.
2022-10-11 10:34:45,144 [INFO] Updater:1012 - Updater Version found : 6.3.0
2022-10-11 10:34:45,165 [INFO] ApplicationProperties:181 - Using Application install path: D:\Programs\STM32\STM32CubeIDE_1.7.0\STM32CubeIDE\plugins\com.st.stm32cube.common.mx_6.3.0.202107141111
2022-10-11 10:34:45,309 [INFO] MainUpdater:2671 - connection check result : 10
2022-10-11 10:34:45,312 [INFO] MainUpdater:265 - Updater Check For Update Now.
2022-10-11 10:34:45,313 [INFO] MicroXplorer:478 - Change Database Version : DB.6.0.30
2022-10-11 10:34:45,483 [INFO] CheckServerUpdateThread:112 - End of CheckServer Thread
2022-10-11 10:34:45,537 [INFO] MainUpdater:2671 - connection check result : 10
2022-10-11 10:34:45,813 [INFO] McuFinderGlobals:52 - Set McuFinderConnectedMode to false
2022-10-11 10:34:45,962 [INFO] CrossSelectorPresenter:1330 - Cross Selector saved comparison directory: C:\Users\dell\.stmcufinder\plugins\mcufinder\mcu\cs_comparisons_mx
2022-10-11 10:34:45,968 [INFO] MultiScanPanel:197 - Auto-refresh data requested => check proxy status ongoing
2022-10-11 10:34:45,968 [INFO] MultiScanPanel:201 - Proxy status is invalid
2022-10-11 10:34:45,973 [INFO] FinderPluginLoader:87 - Searching for filters in installed packs
2022-10-11 10:34:45,974 [INFO] DbMcusXml:100 - Load MCU database from D:\Programs\STM32\STM32CubeIDE_1.7.0\STM32CubeIDE\plugins\com.st.stm32cube.common.mx_6.3.0.202107141111\\db\/mcu/families.xml
2022-10-11 10:34:46,701 [INFO] ThirdParty:915 - Integrity check success = true
2022-10-11 10:34:46,702 [INFO] IntegrityCheckThread:94 - exiting critical section [integrity check]
2022-10-11 10:34:46,702 [INFO] IntegrityCheckThread:97 - End integrity checks thread
2022-10-11 10:34:47,628 [INFO] DbMcusJson:93 - JSON generation date=Tue Nov 16 23:17:54 ICT 2021 (1637079474)
2022-10-11 10:34:48,689 [INFO] DbMcus:175 - Found 1951 MCUs (1903 are supported by CubeMX, 1914 are visible in CubeMX)
2022-10-11 10:34:48,690 [INFO] ApiDb:251 - Load user favorites file C:\Users\dell/.stm32cubeide/favorites.mcus.txt: 0 item(s)
2022-10-11 10:34:48,690 [INFO] ApiDb:255 - User favorites MCUs=[]
2022-10-11 10:34:48,690 [INFO] DbMcus:187 - Set 0 / 0 favorites MCUs
2022-10-11 10:34:49,487 [INFO] DetailPanel:309 - Set advertising image to C:/Users/dell/STM32Cube/Repository/\en.Prom_NBSTM32U50921.jpg
2022-10-11 10:34:50,309 [INFO] DbBoardsPdsc:90 - Found 25 items
2022-10-11 10:34:50,313 [INFO] DbBoardsPdsc:90 - Found 9 items
2022-10-11 10:34:50,322 [INFO] DbBoardsPdsc:90 - Found 33 items
2022-10-11 10:34:50,326 [INFO] DbBoardsPdsc:90 - Found 1 items
2022-10-11 10:34:50,348 [INFO] DbBoardsPdsc:90 - Found 48 items
2022-10-11 10:34:50,365 [INFO] DbBoardsPdsc:90 - Found 43 items
2022-10-11 10:34:50,368 [INFO] DbBoardsPdsc:90 - Found 2 items
2022-10-11 10:34:50,373 [INFO] DbBoardsPdsc:90 - Found 5 items
2022-10-11 10:34:50,403 [WARN] DbBoardsPdsc:254 - Board STM32H7B3I-DK: unknown feature type=Audio, name=, username=Audio stereo codec with Headphone Amp (CS42L51-CNZ), n=1
2022-10-11 10:34:50,404 [WARN] DbBoardsPdsc:254 - Board STM32H735G-DK: unknown feature type=Audio, name=, username=Audio stereo codec with Headphone Amp (WM8994ECS/R), n=1
2022-10-11 10:34:50,411 [WARN] DbBoardsPdsc:254 - Board STM32H7B3I-EVAL: unknown feature type=Audio, name=, username=Multi-Channel Audio Codec (CS42L51-CNZ), n=1
2022-10-11 10:34:50,412 [WARN] DbBoardsPdsc:254 - Board STM32H7B3I-EVAL: unknown feature type=Meter, name=, username=Power-metering and Temperature-monitoring with sigma-delta modulators, n=1
2022-10-11 10:34:50,412 [WARN] DbBoardsPdsc:254 - Board STM32H7B3I-EVAL: unknown feature type=Motor, name=, username=Motor Control, n=1
2022-10-11 10:34:50,416 [WARN] DbBoardsPdsc:254 - Board STM32U575I-EV: unknown feature type=joystick, name=, username=4-direction joystick with selection button, n=1
2022-10-11 10:34:50,544 [INFO] DbBoardsJson:86 - JSON generation date=Tue Nov 16 23:17:54 ICT 2021 (1637079474)
2022-10-11 10:34:50,562 [INFO] DbBoards:117 - Found 167 boards (163 are supported by CubeMX)
2022-10-11 10:34:50,579 [INFO] DbBoardsDocs:143 - JSON generation date=Tue Nov 16 23:17:54 ICT 2021 (1637079474)
2022-10-11 10:34:50,597 [INFO] DbBoardsDocs:79 - Found 209 boards documents
2022-10-11 10:34:50,598 [WARN] DbBoards:127 - board B-L475E-IOT01A2 has no document id list !
2022-10-11 10:34:50,601 [WARN] DbBoards:127 - board NUCLEO-H743ZI has no document id list !
2022-10-11 10:34:50,618 [WARN] DbBoards:127 - board NUCLEO-WL55JC2 has no document id list !
2022-10-11 10:34:50,618 [WARN] DbBoards:127 - board P-NUCLEO-WB55-Nucleo has no document id list !
2022-10-11 10:34:50,619 [WARN] DbBoards:127 - board P-NUCLEO-WB55-USBDongle has no document id list !
2022-10-11 10:34:50,624 [WARN] DbBoards:127 - board STEVAL-BFA001V1B has no document id list !
2022-10-11 10:34:50,646 [WARN] DbBoards:127 - board STEVAL-BFA001V2B has no document id list !
2022-10-11 10:34:50,652 [WARN] DbBoards:127 - board STEVAL-IDP005V1 has no document id list !
2022-10-11 10:34:50,652 [WARN] DbBoards:127 - board STEVAL-IDP005V2 has no document id list !
2022-10-11 10:34:50,652 [WARN] DbBoards:127 - board STEVAL-MKSBOX1V1 has no document id list !
2022-10-11 10:34:50,653 [WARN] DbBoards:127 - board STEVAL-STWINKT1 has no document id list !
2022-10-11 10:34:50,653 [WARN] DbBoards:127 - board STEVAL-STWINKT1B has no document id list !
2022-10-11 10:34:50,656 [WARN] DbBoards:127 - board STM32439I-EVAL2 has no document id list !
2022-10-11 10:34:50,657 [WARN] DbBoards:127 - board STM32F401C-DISCO has no document id list !
2022-10-11 10:34:50,658 [WARN] DbBoards:127 - board STM32F769I-DISC1 has no document id list !
2022-10-11 10:34:50,658 [WARN] DbBoards:127 - board STM32G474E-EVAL1 has no document id list !
2022-10-11 10:34:50,658 [WARN] DbBoards:127 - board STM32H743I-EVAL2 has no document id list !
2022-10-11 10:34:50,659 [WARN] DbBoards:127 - board STM32H747I-DISC1 has no document id list !
2022-10-11 10:34:50,659 [WARN] DbBoards:127 - board STM32H753I-EVAL2 has no document id list !
2022-10-11 10:34:50,659 [WARN] DbBoards:127 - board STM32L-DISCOVERY has no document id list !
2022-10-11 10:34:51,067 [ERROR] DbBoards:189 - Image file not found for board B-U585I-IOT02A: D:\Programs\STM32\STM32CubeIDE_1.7.0\STM32CubeIDE\plugins\com.st.stm32cube.common.mx_6.3.0.202107141111\\db\/plugins/mcufinder/images/boards/B-U585I-IOT02A_small.jpg
2022-10-11 10:34:51,377 [ERROR] DbBoards:189 - Image file not found for board NUCLEO-F413ZH: D:\Programs\STM32\STM32CubeIDE_1.7.0\STM32CubeIDE\plugins\com.st.stm32cube.common.mx_6.3.0.202107141111\\db\/plugins/mcufinder/images/boards/nucleo-f413zh_small.jpg
2022-10-11 10:34:51,796 [ERROR] DbBoards:189 - Image file not found for board NUCLEO-L552ZE-Q: D:\Programs\STM32\STM32CubeIDE_1.7.0\STM32CubeIDE\plugins\com.st.stm32cube.common.mx_6.3.0.202107141111\\db\/plugins/mcufinder/images/boards/nucleo_l552ze_q_small.jpg
2022-10-11 10:34:51,797 [ERROR] DbBoards:189 - Image file not found for board NUCLEO-U575ZI-Q: D:\Programs\STM32\STM32CubeIDE_1.7.0\STM32CubeIDE\plugins\com.st.stm32cube.common.mx_6.3.0.202107141111\\db\/plugins/mcufinder/images/boards/nucleo-u575zi-q_small.jpg
2022-10-11 10:34:51,797 [ERROR] DbBoards:189 - Image file not found for board NUCLEO-WB15CC: D:\Programs\STM32\STM32CubeIDE_1.7.0\STM32CubeIDE\plugins\com.st.stm32cube.common.mx_6.3.0.202107141111\\db\/plugins/mcufinder/images/boards/nucleo-wb15cc_small.jpg
2022-10-11 10:34:51,797 [ERROR] DbBoards:189 - Image file not found for board NUCLEO-WB55RG: D:\Programs\STM32\STM32CubeIDE_1.7.0\STM32CubeIDE\plugins\com.st.stm32cube.common.mx_6.3.0.202107141111\\db\/plugins/mcufinder/images/boards/nucleo-wb55rg_small.jpg
2022-10-11 10:34:57,351 [INFO] ApiDb:251 - Load user favorites file C:\Users\dell/.stm32cubeide/favorites.boards.txt: 0 item(s)
2022-10-11 10:34:57,351 [INFO] ApiDb:255 - User favorites Boards=[]
2022-10-11 10:34:57,351 [INFO] DbBoards:206 - Set 0 / 0 favorites Boards
2022-10-11 10:35:11,465 [INFO] DbMcusDocs:143 - JSON generation date=Tue Nov 16 23:17:54 ICT 2021 (1637079474)
2022-10-11 10:35:12,378 [INFO] DbMcusDocs:79 - Found 682 MCUs documents
2022-10-11 10:35:23,652 [INFO] MainUpdater:2671 - connection check result : 10
2022-10-11 10:35:23,653 [INFO] MainUpdater:2671 - connection check result : 10
2022-10-11 10:35:23,713 [INFO] MicroXplorer:448 - Change Database Path : 
2022-10-11 10:35:23,713 [INFO] MicroXplorer:478 - Change Database Version : DB.6.0.30
2022-10-11 10:35:23,715 [WARN] ThirdParty:813 - waiting for thirdparty lock release [close project]
2022-10-11 10:35:23,715 [INFO] ThirdParty:815 - entering critical section [close project]
2022-10-11 10:35:23,716 [INFO] ThirdParty:825 - exiting critical section [close project]
2022-10-11 10:35:23,724 [INFO] PinOutPanel:1463 - setPackage(No Configuration,No Configuration)
2022-10-11 10:35:23,725 [INFO] UtilMem:74 - Begin LoadConfig() Used Memory: 425932920 Bytes (620756992)
2022-10-11 10:35:23,726 [INFO] MicroXplorer:448 - Change Database Path : 
2022-10-11 10:35:23,726 [INFO] MicroXplorer:478 - Change Database Version : DB.6.0.30
2022-10-11 10:35:23,726 [INFO] OpenFileManager:313 - Change cursor
2022-10-11 10:35:25,545 [INFO] Context:592 - Trying to add GPIOservice into a context  which must be forbidden
2022-10-11 10:35:25,775 [INFO] ImportTextPane:167 - (OptionalMessage_ERROR) Unable to find key (Mcu.ThirdPartyNb) in loaded IOC file
2022-10-11 10:35:25,776 [INFO] ImportTextPane:167 - (OptionalMessage_ERROR) Unable to find key (Mcu.PinsNb) in loaded IOC file
2022-10-11 10:35:25,776 [INFO] ImportTextPane:167 - (OptionalMessage_ERROR) Unable to find key (Mcu.IPNb) in loaded IOC file
2022-10-11 10:35:25,832 [INFO] RtosManager:484 - Registered RTOS mode: class=CMSIS, group=RTOS, mode=CMSIS_V1, owner=FREERTOS
2022-10-11 10:35:25,832 [INFO] RtosManager:484 - Registered RTOS mode: class=CMSIS, group=RTOS2, mode=CMSIS_V2, owner=FREERTOS
2022-10-11 10:35:25,833 [INFO] RtosManager:484 - Registered RTOS mode: class=RTOS, group=Core, mode=CMSIS_V1, owner=FREERTOS
2022-10-11 10:35:25,833 [INFO] RtosManager:484 - Registered RTOS mode: class=RTOS, group=Core, mode=CMSIS_V2, owner=FREERTOS
2022-10-11 10:35:25,833 [WARN] ModelIntegratedComponent:181 - Missing modes for component STMicroelectronics:FreeRTOS:0.0.1:STMicroelectronics:RTOS:FreeRTOS:Core:::10.2.0:
2022-10-11 10:35:25,836 [WARN] ModelIntegratedComponent:60 - No mode defined for component null
2022-10-11 10:35:25,837 [WARN] ModelIntegratedComponent:60 - No mode defined for component null
2022-10-11 10:35:25,837 [WARN] ModelIntegratedComponent:60 - No mode defined for component null
2022-10-11 10:35:25,837 [WARN] ModelIntegratedComponent:60 - No mode defined for component null
2022-10-11 10:35:25,837 [WARN] ModelIntegratedComponent:60 - No mode defined for component null
2022-10-11 10:35:25,837 [WARN] ModelIntegratedComponent:60 - No mode defined for component null
2022-10-11 10:35:25,837 [WARN] ModelIntegratedComponent:60 - No mode defined for component null
2022-10-11 10:35:25,838 [WARN] ModelIntegratedComponent:60 - No mode defined for component null
2022-10-11 10:35:25,838 [WARN] ModelIntegratedComponent:60 - No mode defined for component null
2022-10-11 10:35:25,838 [WARN] ModelIntegratedComponent:60 - No mode defined for component null
2022-10-11 10:35:25,838 [WARN] ModelIntegratedComponent:60 - No mode defined for component null
2022-10-11 10:35:25,838 [WARN] ModelIntegratedComponent:60 - No mode defined for component null
2022-10-11 10:35:25,838 [WARN] ModelIntegratedComponent:60 - No mode defined for component null
2022-10-11 10:35:25,838 [WARN] ModelIntegratedComponent:60 - No mode defined for component null
2022-10-11 10:35:25,838 [WARN] ModelIntegratedComponent:60 - No mode defined for component null
2022-10-11 10:35:25,838 [WARN] ModelIntegratedComponent:60 - No mode defined for component null
2022-10-11 10:35:25,838 [WARN] ModelIntegratedComponent:60 - No mode defined for component null
2022-10-11 10:35:25,839 [WARN] ModelIntegratedComponent:60 - No mode defined for component null
2022-10-11 10:35:25,839 [WARN] ModelIntegratedComponent:60 - No mode defined for component null
2022-10-11 10:35:25,839 [WARN] ModelIntegratedComponent:60 - No mode defined for component null
2022-10-11 10:35:25,839 [WARN] ModelIntegratedComponent:60 - No mode defined for component null
2022-10-11 10:35:25,839 [WARN] ModelIntegratedComponent:60 - No mode defined for component null
2022-10-11 10:35:25,839 [WARN] ModelIntegratedComponent:60 - No mode defined for component null
2022-10-11 10:35:25,839 [WARN] ModelIntegratedComponent:60 - No mode defined for component null
2022-10-11 10:35:25,839 [WARN] ModelIntegratedComponent:60 - No mode defined for component null
2022-10-11 10:35:25,840 [WARN] ModelIntegratedComponent:60 - No mode defined for component null
2022-10-11 10:35:25,840 [WARN] ModelIntegratedComponent:60 - No mode defined for component null
2022-10-11 10:35:25,840 [WARN] ModelIntegratedComponent:60 - No mode defined for component null
2022-10-11 10:35:25,840 [WARN] ModelIntegratedComponent:60 - No mode defined for component null
2022-10-11 10:35:25,840 [WARN] ModelIntegratedComponent:60 - No mode defined for component null
2022-10-11 10:35:25,841 [WARN] ModelIntegratedComponent:60 - No mode defined for component null
2022-10-11 10:35:26,362 [INFO] UtilMem:74 - End LoadConfig() Used Memory: 362130432 Bytes (620756992)
2022-10-11 10:35:26,363 [WARN] ThirdParty:779 - waiting for thirdparty lock release [change project]
2022-10-11 10:35:26,363 [INFO] ThirdParty:781 - entering critical section [change project]
2022-10-11 10:35:26,364 [INFO] ThirdParty:967 - CMSIS Pack Vendor :STMicroelectronics USB_HOST 2.0.0
2022-10-11 10:35:26,364 [INFO] ThirdParty:967 - CMSIS Pack Vendor :STMicroelectronics FreeRTOS 0.0.1
2022-10-11 10:35:26,364 [INFO] ThirdParty:967 - CMSIS Pack Vendor :STMicroelectronics USB_DEVICE 1.0.0
2022-10-11 10:35:26,364 [INFO] ThirdParty:967 - CMSIS Pack Vendor :STMicroelectronics USB_DEVICE 3.0.0
2022-10-11 10:35:26,364 [INFO] ThirdParty:967 - CMSIS Pack Vendor :STMicroelectronics HAL Drivers 0.0.0
2022-10-11 10:35:26,364 [INFO] ThirdParty:967 - CMSIS Pack Vendor :STMicroelectronics MBEDTLS 2.16.2
2022-10-11 10:35:26,364 [INFO] ThirdParty:967 - CMSIS Pack Vendor :STMicroelectronics ThreadX 0.0.2
2022-10-11 10:35:26,364 [INFO] ThirdParty:967 - CMSIS Pack Vendor :STMicroelectronics lwIP 2.0.3
2022-10-11 10:35:26,364 [INFO] ThirdParty:967 - CMSIS Pack Vendor :STMicroelectronics lwIP 2.1.2
2022-10-11 10:35:26,364 [INFO] ThirdParty:967 - CMSIS Pack Vendor :STMicroelectronics MBEDTLS 2.14.1
2022-10-11 10:35:26,364 [INFO] ThirdParty:967 - CMSIS Pack Vendor :STMicroelectronics USB_HOST 1.0.0
2022-10-11 10:35:26,364 [INFO] ThirdParty:967 - CMSIS Pack Vendor :STMicroelectronics PDM2PCM 3.1.0
2022-10-11 10:35:26,365 [INFO] ThirdParty:967 - CMSIS Pack Vendor :STMicroelectronics PDM2PCM 3.2.0
2022-10-11 10:35:26,365 [INFO] ThirdParty:967 - CMSIS Pack Vendor :STMicroelectronics USB_DEVICE 2.0.0
2022-10-11 10:35:26,365 [INFO] ThirdParty:967 - CMSIS Pack Vendor :STMicroelectronics PDM2PCM 3.3.0
2022-10-11 10:35:26,365 [INFO] ThirdParty:787 - exiting critical section [change project]
2022-10-11 10:35:26,664 [INFO] PinOutPanel:1463 - setPackage(No Configuration,No Configuration)
2022-10-11 10:35:26,666 [INFO] PinOutPanel:1463 - setPackage(STM32F103C6Tx,LQFP48)
2022-10-11 10:35:27,118 [INFO] UtilMem:74 - Before build in PCC Used Memory: 511550464 Bytes (620756992)
2022-10-11 10:35:27,756 [INFO] UtilMem:74 - After build in PCC Used Memory: 392012800 Bytes (620756992)
2022-10-11 10:35:27,780 [INFO] IPUIPlugin:74 - create IPUIPlugin
2022-10-11 10:35:27,780 [INFO] IPUIPlugin:74 - create IPUIPlugin
2022-10-11 10:35:27,780 [INFO] IPUIPlugin:74 - create IPUIPlugin
2022-10-11 10:35:27,780 [INFO] IPUIPlugin:74 - create IPUIPlugin
2022-10-11 10:35:27,780 [INFO] IPUIPlugin:74 - create IPUIPlugin
2022-10-11 10:35:27,780 [INFO] IPUIPlugin:74 - create IPUIPlugin
2022-10-11 10:35:27,781 [INFO] IPUIPlugin:74 - create IPUIPlugin
2022-10-11 10:35:27,781 [INFO] IPUIPlugin:74 - create IPUIPlugin
2022-10-11 10:35:27,781 [INFO] IPUIPlugin:74 - create IPUIPlugin
2022-10-11 10:35:27,781 [INFO] IPUIPlugin:74 - create IPUIPlugin
2022-10-11 10:35:27,782 [INFO] IPUIPlugin:74 - create IPUIPlugin
2022-10-11 10:35:27,782 [INFO] IPUIPlugin:74 - create IPUIPlugin
2022-10-11 10:35:27,783 [INFO] IPUIPlugin:74 - create IPUIPlugin
2022-10-11 10:35:27,783 [INFO] IPUIPlugin:74 - create IPUIPlugin
2022-10-11 10:35:27,783 [INFO] IPUIPlugin:74 - create IPUIPlugin
2022-10-11 10:35:27,784 [INFO] IPUIPlugin:74 - create IPUIPlugin
2022-10-11 10:35:27,784 [INFO] IPUIPlugin:74 - create IPUIPlugin
2022-10-11 10:35:27,784 [INFO] IPUIPlugin:74 - create IPUIPlugin
2022-10-11 10:35:27,785 [INFO] IPUIPlugin:74 - create IPUIPlugin
2022-10-11 10:35:27,785 [INFO] IPUIPlugin:74 - create IPUIPlugin
2022-10-11 10:35:27,785 [INFO] IPUIPlugin:74 - create IPUIPlugin
2022-10-11 10:35:27,786 [INFO] IPUIPlugin:74 - create IPUIPlugin
2022-10-11 10:35:27,787 [INFO] IPUIPlugin:74 - create IPUIPlugin
2022-10-11 10:35:27,914 [INFO] OpenFileManager:333 - Restore cursor
2022-10-11 10:35:28,237 [INFO] UtilMem:74 - End SaveConfig() Used Memory: 476816240 Bytes (620756992)
2022-10-11 10:35:28,349 [INFO] UtilMem:74 - End SaveConfig() Used Memory: 495276120 Bytes (620756992)
2022-10-11 10:35:28,706 [INFO] BlockDiagram:2740 - set Specific Code input for plugin: NVIC
2022-10-11 10:35:28,706 [INFO] BlockDiagram:2740 - set Specific Code input for plugin: SYS
2022-10-11 10:35:28,706 [INFO] BlockDiagram:2740 - set Specific Code input for plugin: RCC
2022-10-11 10:35:28,707 [INFO] CodeGenerator:663 - code generatio: config db path: D:\Programs\STM32\STM32CubeIDE_1.7.0\STM32CubeIDE\plugins\com.st.stm32cube.common.mx_6.3.0.202107141111\\db\
2022-10-11 10:35:29,253 [INFO] CodeEngine:239 - oldGeneratedFile, D:\Workspace\Lab MCU\Lab 2\STM32\Lab2\MXTmpFiles\license.tmp_save
2022-10-11 10:35:29,684 [INFO] CodeEngine:257 - Generated code: D:\Workspace\Lab MCU\Lab 2\STM32\Lab2\MXTmpFiles\license.tmp
2022-10-11 10:35:29,829 [INFO] CodeEngine:239 - oldGeneratedFile, D:\Workspace\Lab MCU\Lab 2\STM32\Lab2\Core\Src\stm32f1xx_it.c_save
2022-10-11 10:35:29,973 [INFO] CodeEngine:257 - Generated code: D:\Workspace\Lab MCU\Lab 2\STM32\Lab2\Core\Src\stm32f1xx_it.c
2022-10-11 10:35:29,978 [INFO] CodeEngine:239 - oldGeneratedFile, D:\Workspace\Lab MCU\Lab 2\STM32\Lab2\Core\Inc\stm32f1xx_it.h_save
2022-10-11 10:35:30,106 [INFO] CodeEngine:257 - Generated code: D:\Workspace\Lab MCU\Lab 2\STM32\Lab2\Core\Inc\stm32f1xx_it.h
2022-10-11 10:35:30,116 [INFO] CodeEngine:239 - oldGeneratedFile, D:\Workspace\Lab MCU\Lab 2\STM32\Lab2\Core\Src\stm32f1xx_hal_msp.c_save
2022-10-11 10:35:30,257 [INFO] CodeEngine:257 - Generated code: D:\Workspace\Lab MCU\Lab 2\STM32\Lab2\Core\Src\stm32f1xx_hal_msp.c
2022-10-11 10:35:30,261 [INFO] CodeEngine:239 - oldGeneratedFile, D:\Workspace\Lab MCU\Lab 2\STM32\Lab2\MXTmpFiles\system.tmp_save
2022-10-11 10:35:30,339 [INFO] CodeEngine:257 - Generated code: D:\Workspace\Lab MCU\Lab 2\STM32\Lab2\MXTmpFiles\system.tmp
2022-10-11 10:35:30,348 [INFO] CodeEngine:239 - oldGeneratedFile, D:\Workspace\Lab MCU\Lab 2\STM32\Lab2\Core\Inc\stm32f1xx_hal_conf.h_save
2022-10-11 10:35:30,424 [INFO] CodeEngine:257 - Generated code: D:\Workspace\Lab MCU\Lab 2\STM32\Lab2\Core\Inc\stm32f1xx_hal_conf.h
2022-10-11 10:35:30,467 [INFO] CodeEngine:239 - oldGeneratedFile, D:\Workspace\Lab MCU\Lab 2\STM32\Lab2\Core\Inc\main.h_save
2022-10-11 10:35:30,562 [INFO] CodeEngine:257 - Generated code: D:\Workspace\Lab MCU\Lab 2\STM32\Lab2\Core\Inc\main.h
2022-10-11 10:35:30,566 [INFO] CodeEngine:239 - oldGeneratedFile, D:\Workspace\Lab MCU\Lab 2\STM32\Lab2\Core\Src\main.c_save
2022-10-11 10:35:30,770 [INFO] CodeEngine:257 - Generated code: D:\Workspace\Lab MCU\Lab 2\STM32\Lab2\Core\Src\main.c
2022-10-11 10:35:32,315 [INFO] ProjectBuilder:2578 - Time for Copy HAL[1] : 155mS.
2022-10-11 10:35:32,324 [INFO] ProjectBuilder:3622 - Project Generator version: 3.14.1
2022-10-11 10:35:33,217 [INFO] ConfigFileManager:1271 - The Die is : DIE412
2022-10-11 10:35:33,236 [INFO] ApiDbMcu:468 - Load IP Config File for FATFS
2022-10-11 10:35:33,272 [INFO] ApiDbMcu:468 - Load IP Config File for FREERTOS
2022-10-11 10:35:33,303 [INFO] ApiDbMcu:468 - Load IP Config File for USB_DEVICE
2022-10-11 10:35:38,314 [INFO] ProjectBuilder:3789 - Time for Generating toolchain IDE Files: 5990mS.
2022-10-11 10:35:38,315 [INFO] ProjectBuilder:2457 - Time for Copy CMSIS : 0mS.
2022-10-11 10:35:38,317 [INFO] ProjectBuilder:2457 - Time for Copy CMSIS : 0mS.
2022-10-11 10:35:39,241 [INFO] McuFinderGlobals:52 - Set McuFinderConnectedMode to true
2022-10-11 10:35:39,243 [INFO] ApiDb:276 - Save user favorites file C:\Users\dell/.stm32cubeide/favorites.mcus.txt: 0 item(s)
2022-10-11 10:35:39,243 [INFO] ApiDb:280 - User favorites MCUs=[]
2022-10-11 10:47:15,814 [INFO] NvicIntPanel:96 - NVIC parent = com.st.microxplorer.plugins.ip.nvic.MultiNvicIntPanel[,0,0,0x0,invalid,layout=javax.swing.BoxLayout,alignmentX=0.0,alignmentY=0.0,border=,flags=9,maximumSize=,minimumSize=,preferredSize=]
2022-10-11 10:47:18,626 [INFO] NvicIntPanel:96 - NVIC parent = com.st.microxplorer.plugins.ip.nvic.MultiNvicIntPanel[,0,0,0x0,invalid,layout=javax.swing.BoxLayout,alignmentX=0.0,alignmentY=0.0,border=,flags=9,maximumSize=,minimumSize=,preferredSize=]
2022-10-11 10:47:38,293 [INFO] UtilMem:74 - End SaveConfig() Used Memory: 886233600 Bytes (947912704)
2022-10-11 10:47:41,221 [INFO] UtilMem:74 - End SaveConfig() Used Memory: 915748152 Bytes (947912704)
2022-10-11 10:47:45,627 [INFO] UtilMem:74 - End SaveConfig() Used Memory: 735727464 Bytes (955252736)
2022-10-11 10:47:46,286 [INFO] BlockDiagram:2740 - set Specific Code input for plugin: NVIC
2022-10-11 10:47:46,286 [INFO] BlockDiagram:2740 - set Specific Code input for plugin: SYS
2022-10-11 10:47:46,287 [INFO] BlockDiagram:2740 - set Specific Code input for plugin: GPIO
2022-10-11 10:47:46,287 [INFO] BlockDiagram:2740 - set Specific Code input for plugin: RCC
2022-10-11 10:47:46,287 [INFO] BlockDiagram:2740 - set Specific Code input for plugin: TIM1_8F1
2022-10-11 10:47:46,288 [INFO] CodeGenerator:663 - code generatio: config db path: D:\Programs\STM32\STM32CubeIDE_1.7.0\STM32CubeIDE\plugins\com.st.stm32cube.common.mx_6.3.0.202107141111\\db\
2022-10-11 10:47:46,721 [INFO] CodeEngine:239 - oldGeneratedFile, D:\Workspace\Lab MCU\Lab 2\STM32\Lab2\MXTmpFiles\license.tmp_save
2022-10-11 10:47:46,784 [INFO] CodeEngine:257 - Generated code: D:\Workspace\Lab MCU\Lab 2\STM32\Lab2\MXTmpFiles\license.tmp
2022-10-11 10:47:46,849 [INFO] CodeEngine:239 - oldGeneratedFile, D:\Workspace\Lab MCU\Lab 2\STM32\Lab2\MXTmpFiles\gpio.tmp_save
2022-10-11 10:47:46,924 [INFO] CodeEngine:257 - Generated code: D:\Workspace\Lab MCU\Lab 2\STM32\Lab2\MXTmpFiles\gpio.tmp
2022-10-11 10:47:47,171 [INFO] CodeEngine:239 - oldGeneratedFile, D:\Workspace\Lab MCU\Lab 2\STM32\Lab2\Core\Src\stm32f1xx_it.c_save
2022-10-11 10:47:47,274 [INFO] CodeEngine:257 - Generated code: D:\Workspace\Lab MCU\Lab 2\STM32\Lab2\Core\Src\stm32f1xx_it.c
2022-10-11 10:47:47,279 [INFO] CodeEngine:239 - oldGeneratedFile, D:\Workspace\Lab MCU\Lab 2\STM32\Lab2\Core\Inc\stm32f1xx_it.h_save
2022-10-11 10:47:47,370 [INFO] CodeEngine:257 - Generated code: D:\Workspace\Lab MCU\Lab 2\STM32\Lab2\Core\Inc\stm32f1xx_it.h
2022-10-11 10:47:47,380 [INFO] CodeEngine:239 - oldGeneratedFile, D:\Workspace\Lab MCU\Lab 2\STM32\Lab2\Core\Src\stm32f1xx_hal_msp.c_save
2022-10-11 10:47:47,497 [INFO] CodeEngine:257 - Generated code: D:\Workspace\Lab MCU\Lab 2\STM32\Lab2\Core\Src\stm32f1xx_hal_msp.c
2022-10-11 10:47:47,501 [INFO] CodeEngine:239 - oldGeneratedFile, D:\Workspace\Lab MCU\Lab 2\STM32\Lab2\MXTmpFiles\system.tmp_save
2022-10-11 10:47:47,650 [INFO] CodeEngine:257 - Generated code: D:\Workspace\Lab MCU\Lab 2\STM32\Lab2\MXTmpFiles\system.tmp
2022-10-11 10:47:47,658 [INFO] CodeEngine:239 - oldGeneratedFile, D:\Workspace\Lab MCU\Lab 2\STM32\Lab2\Core\Inc\stm32f1xx_hal_conf.h_save
2022-10-11 10:47:47,733 [INFO] CodeEngine:257 - Generated code: D:\Workspace\Lab MCU\Lab 2\STM32\Lab2\Core\Inc\stm32f1xx_hal_conf.h
2022-10-11 10:47:47,760 [WARN] IPConfigManager:3148 - IP not found : TIM
2022-10-11 10:47:47,761 [WARN] CodeGenerator:3268 - IP not found : null
2022-10-11 10:47:47,769 [INFO] CodeEngine:239 - oldGeneratedFile, D:\Workspace\Lab MCU\Lab 2\STM32\Lab2\Core\Inc\main.h_save
2022-10-11 10:47:47,850 [INFO] CodeEngine:257 - Generated code: D:\Workspace\Lab MCU\Lab 2\STM32\Lab2\Core\Inc\main.h
2022-10-11 10:47:47,855 [INFO] CodeEngine:239 - oldGeneratedFile, D:\Workspace\Lab MCU\Lab 2\STM32\Lab2\Core\Src\main.c_save
2022-10-11 10:47:48,019 [INFO] CodeEngine:257 - Generated code: D:\Workspace\Lab MCU\Lab 2\STM32\Lab2\Core\Src\main.c
2022-10-11 10:47:49,222 [INFO] ProjectBuilder:2578 - Time for Copy HAL[1] : 93mS.
2022-10-11 10:47:49,225 [INFO] ProjectBuilder:3622 - Project Generator version: 3.14.1
2022-10-11 10:47:50,053 [INFO] ConfigFileManager:1271 - The Die is : DIE412
2022-10-11 10:47:53,747 [INFO] ProjectBuilder:3789 - Time for Generating toolchain IDE Files: 4522mS.
2022-10-11 10:47:53,750 [INFO] ProjectBuilder:2457 - Time for Copy CMSIS : 1mS.
2022-10-11 10:47:53,752 [INFO] ProjectBuilder:2457 - Time for Copy CMSIS : 0mS.
2022-10-11 11:09:35,017 [INFO] NvicIntPanel:96 - NVIC parent = com.st.microxplorer.plugins.ip.nvic.MultiNvicIntPanel[,0,0,450x196,layout=javax.swing.BoxLayout,alignmentX=0.0,alignmentY=0.0,border=,flags=9,maximumSize=,minimumSize=,preferredSize=]
2022-10-11 11:09:46,204 [INFO] UtilMem:74 - End SaveConfig() Used Memory: 766436368 Bytes (1073741824)
2022-10-11 11:09:46,310 [INFO] UtilMem:74 - End SaveConfig() Used Memory: 778123632 Bytes (1073741824)
2022-10-11 11:09:47,123 [INFO] UtilMem:74 - End SaveConfig() Used Memory: 855820936 Bytes (1073741824)
2022-10-11 11:09:47,719 [INFO] BlockDiagram:2740 - set Specific Code input for plugin: NVIC
2022-10-11 11:09:47,720 [INFO] BlockDiagram:2740 - set Specific Code input for plugin: SYS
2022-10-11 11:09:47,720 [INFO] BlockDiagram:2740 - set Specific Code input for plugin: GPIO
2022-10-11 11:09:47,721 [INFO] BlockDiagram:2740 - set Specific Code input for plugin: RCC
2022-10-11 11:09:47,721 [INFO] BlockDiagram:2740 - set Specific Code input for plugin: TIM1_8F1
2022-10-11 11:09:47,722 [INFO] CodeGenerator:663 - code generatio: config db path: D:\Programs\STM32\STM32CubeIDE_1.7.0\STM32CubeIDE\plugins\com.st.stm32cube.common.mx_6.3.0.202107141111\\db\
2022-10-11 11:09:48,085 [INFO] CodeEngine:239 - oldGeneratedFile, D:\Workspace\Lab MCU\Lab 2\STM32\Lab2\MXTmpFiles\license.tmp_save
2022-10-11 11:09:48,164 [INFO] CodeEngine:257 - Generated code: D:\Workspace\Lab MCU\Lab 2\STM32\Lab2\MXTmpFiles\license.tmp
2022-10-11 11:09:48,220 [INFO] CodeEngine:239 - oldGeneratedFile, D:\Workspace\Lab MCU\Lab 2\STM32\Lab2\MXTmpFiles\gpio.tmp_save
2022-10-11 11:09:48,327 [INFO] CodeEngine:257 - Generated code: D:\Workspace\Lab MCU\Lab 2\STM32\Lab2\MXTmpFiles\gpio.tmp
2022-10-11 11:09:48,642 [INFO] CodeEngine:239 - oldGeneratedFile, D:\Workspace\Lab MCU\Lab 2\STM32\Lab2\Core\Src\stm32f1xx_it.c_save
2022-10-11 11:09:48,962 [INFO] CodeEngine:257 - Generated code: D:\Workspace\Lab MCU\Lab 2\STM32\Lab2\Core\Src\stm32f1xx_it.c
2022-10-11 11:09:48,968 [INFO] CodeEngine:239 - oldGeneratedFile, D:\Workspace\Lab MCU\Lab 2\STM32\Lab2\Core\Inc\stm32f1xx_it.h_save
2022-10-11 11:09:49,229 [INFO] CodeEngine:257 - Generated code: D:\Workspace\Lab MCU\Lab 2\STM32\Lab2\Core\Inc\stm32f1xx_it.h
2022-10-11 11:09:49,241 [INFO] CodeEngine:239 - oldGeneratedFile, D:\Workspace\Lab MCU\Lab 2\STM32\Lab2\Core\Src\stm32f1xx_hal_msp.c_save
2022-10-11 11:09:49,390 [INFO] CodeEngine:257 - Generated code: D:\Workspace\Lab MCU\Lab 2\STM32\Lab2\Core\Src\stm32f1xx_hal_msp.c
2022-10-11 11:09:49,394 [INFO] CodeEngine:239 - oldGeneratedFile, D:\Workspace\Lab MCU\Lab 2\STM32\Lab2\MXTmpFiles\system.tmp_save
2022-10-11 11:09:49,482 [INFO] CodeEngine:257 - Generated code: D:\Workspace\Lab MCU\Lab 2\STM32\Lab2\MXTmpFiles\system.tmp
2022-10-11 11:09:49,492 [INFO] CodeEngine:239 - oldGeneratedFile, D:\Workspace\Lab MCU\Lab 2\STM32\Lab2\Core\Inc\stm32f1xx_hal_conf.h_save
2022-10-11 11:09:49,593 [INFO] CodeEngine:257 - Generated code: D:\Workspace\Lab MCU\Lab 2\STM32\Lab2\Core\Inc\stm32f1xx_hal_conf.h
2022-10-11 11:09:49,616 [WARN] IPConfigManager:3148 - IP not found : TIM
2022-10-11 11:09:49,617 [WARN] CodeGenerator:3268 - IP not found : null
2022-10-11 11:09:49,624 [INFO] CodeEngine:239 - oldGeneratedFile, D:\Workspace\Lab MCU\Lab 2\STM32\Lab2\Core\Inc\main.h_save
2022-10-11 11:09:49,698 [INFO] CodeEngine:257 - Generated code: D:\Workspace\Lab MCU\Lab 2\STM32\Lab2\Core\Inc\main.h
2022-10-11 11:09:49,704 [INFO] CodeEngine:239 - oldGeneratedFile, D:\Workspace\Lab MCU\Lab 2\STM32\Lab2\Core\Src\main.c_save
2022-10-11 11:09:49,827 [INFO] CodeEngine:257 - Generated code: D:\Workspace\Lab MCU\Lab 2\STM32\Lab2\Core\Src\main.c
2022-10-11 11:09:51,148 [INFO] ProjectBuilder:2578 - Time for Copy HAL[1] : 103mS.
2022-10-11 11:09:51,152 [INFO] ProjectBuilder:3622 - Project Generator version: 3.14.1
2022-10-11 11:09:52,018 [INFO] ConfigFileManager:1271 - The Die is : DIE412
2022-10-11 11:09:56,553 [INFO] ProjectBuilder:3789 - Time for Generating toolchain IDE Files: 5401mS.
2022-10-11 11:09:56,557 [INFO] ProjectBuilder:2457 - Time for Copy CMSIS : 1mS.
2022-10-11 11:09:56,563 [INFO] ProjectBuilder:2457 - Time for Copy CMSIS : 1mS.
2022-10-11 11:33:40,540 [INFO] Activator:177 - 


2022-10-11 11:33:40,543 [INFO] Activator:178 - !SESSION log4j initialized
2022-10-17 16:11:17,201 [INFO] Activator:177 - 


2022-10-17 16:11:17,203 [INFO] Activator:178 - !SESSION log4j initialized
2022-10-17 16:11:49,617 [INFO] McuFinderGlobals:39 - Set McuFinder mode to 2 (CubeIDE integrated)
2022-10-17 16:11:49,834 [INFO] ApplicationProperties:181 - Using Application install path: D:\Programs\STM32\STM32CubeIDE_1.7.0\STM32CubeIDE\plugins\com.st.stm32cube.common.mx_6.3.0.202107141111
2022-10-17 16:11:49,856 [INFO] DbMcusXml:74 - Set database path to: D:\Programs\STM32\STM32CubeIDE_1.7.0\STM32CubeIDE\plugins\com.st.stm32cube.common.mx_6.3.0.202107141111\\db\/mcu/
2022-10-17 16:11:49,861 [INFO] DbBoardsPdsc:56 - Set plugin database path to: D:\Programs\STM32\STM32CubeIDE_1.7.0\STM32CubeIDE\plugins\com.st.stm32cube.common.mx_6.3.0.202107141111\\db\/plugins/boardmanager/
2022-10-17 16:11:49,862 [INFO] DbMcus:258 - Set plugin images path to: D:\Programs\STM32\STM32CubeIDE_1.7.0\STM32CubeIDE\plugins\com.st.stm32cube.common.mx_6.3.0.202107141111\\db\/plugins/mcufinder/images/
2022-10-17 16:11:49,862 [INFO] DbBoards:264 - Set plugin images path to: D:\Programs\STM32\STM32CubeIDE_1.7.0\STM32CubeIDE\plugins\com.st.stm32cube.common.mx_6.3.0.202107141111\\db\/plugins/mcufinder/images/
2022-10-17 16:11:49,868 [INFO] DbExamples:333 - Set plugin images path to: D:\Programs\STM32\STM32CubeIDE_1.7.0\STM32CubeIDE\plugins\com.st.stm32cube.common.mx_6.3.0.202107141111\\db\/plugins/mcufinder/images/
2022-10-17 16:11:49,881 [INFO] DbMcusAds:119 - Set database path to: C:\Users\dell\.stmcufinder\plugins\mcufinder//mcu/
2022-10-17 16:11:49,883 [INFO] DbMcusDocs:110 - Set database path to: C:\Users\dell\.stmcufinder\plugins\mcufinder//mcu/
2022-10-17 16:11:49,887 [INFO] DbMcusJson:64 - Set database path to: C:\Users\dell\.stmcufinder\plugins\mcufinder//mcu/
2022-10-17 16:11:49,889 [INFO] DbBoardsDocs:110 - Set database path to: C:\Users\dell\.stmcufinder\plugins\mcufinder//mcu/
2022-10-17 16:11:49,891 [INFO] DbBoardsJson:57 - Set database path to: C:\Users\dell\.stmcufinder\plugins\mcufinder//mcu/
2022-10-17 16:11:49,902 [INFO] CrossReferenceDbSqlite:196 - Set database path to: C:\Users\dell\.stmcufinder\plugins\mcufinder//mcu/cs/
2022-10-17 16:11:49,908 [INFO] DbExamplesSqlite:767 - Set database path to: C:\Users\dell\.stmcufinder\plugins\mcufinder//mcu/
2022-10-17 16:11:50,073 [INFO] RulesReader:57 - Compatibility file has been processed (242 Rules)
2022-10-17 16:11:50,179 [INFO] DbMcusXml:74 - Set database path to: D:\Programs\STM32\STM32CubeIDE_1.7.0\STM32CubeIDE\plugins\com.st.stm32cube.common.mx_6.3.0.202107141111\\db\/mcu/
2022-10-17 16:11:50,180 [INFO] DbBoardsPdsc:56 - Set plugin database path to: D:\Programs\STM32\STM32CubeIDE_1.7.0\STM32CubeIDE\plugins\com.st.stm32cube.common.mx_6.3.0.202107141111\\db\/plugins/boardmanager/
2022-10-17 16:11:50,180 [INFO] DbMcus:258 - Set plugin images path to: D:\Programs\STM32\STM32CubeIDE_1.7.0\STM32CubeIDE\plugins\com.st.stm32cube.common.mx_6.3.0.202107141111\\db\/plugins/mcufinder/images/
2022-10-17 16:11:50,180 [INFO] DbBoards:264 - Set plugin images path to: D:\Programs\STM32\STM32CubeIDE_1.7.0\STM32CubeIDE\plugins\com.st.stm32cube.common.mx_6.3.0.202107141111\\db\/plugins/mcufinder/images/
2022-10-17 16:11:50,181 [INFO] DbExamples:333 - Set plugin images path to: D:\Programs\STM32\STM32CubeIDE_1.7.0\STM32CubeIDE\plugins\com.st.stm32cube.common.mx_6.3.0.202107141111\\db\/plugins/mcufinder/images/
2022-10-17 16:11:50,181 [WARN] DbFile:35 - Overriding database path with different value: C:\Users\dell\.stmcufinder\plugins\mcufinder/ => C:\Users\dell\.stmcufinder\plugins\mcufinder
2022-10-17 16:11:50,181 [INFO] DbMcusAds:119 - Set database path to: C:\Users\dell\.stmcufinder\plugins\mcufinder//mcu/
2022-10-17 16:11:50,182 [WARN] DbFile:35 - Overriding database path with different value: C:\Users\dell\.stmcufinder\plugins\mcufinder/ => C:\Users\dell\.stmcufinder\plugins\mcufinder
2022-10-17 16:11:50,182 [INFO] DbMcusDocs:110 - Set database path to: C:\Users\dell\.stmcufinder\plugins\mcufinder//mcu/
2022-10-17 16:11:50,183 [WARN] DbFile:35 - Overriding database path with different value: C:\Users\dell\.stmcufinder\plugins\mcufinder/ => C:\Users\dell\.stmcufinder\plugins\mcufinder
2022-10-17 16:11:50,183 [INFO] DbMcusJson:64 - Set database path to: C:\Users\dell\.stmcufinder\plugins\mcufinder//mcu/
2022-10-17 16:11:50,184 [WARN] DbFile:35 - Overriding database path with different value: C:\Users\dell\.stmcufinder\plugins\mcufinder/ => C:\Users\dell\.stmcufinder\plugins\mcufinder
2022-10-17 16:11:50,184 [INFO] DbBoardsDocs:110 - Set database path to: C:\Users\dell\.stmcufinder\plugins\mcufinder//mcu/
2022-10-17 16:11:50,185 [WARN] DbFile:35 - Overriding database path with different value: C:\Users\dell\.stmcufinder\plugins\mcufinder/ => C:\Users\dell\.stmcufinder\plugins\mcufinder
2022-10-17 16:11:50,185 [INFO] DbBoardsJson:57 - Set database path to: C:\Users\dell\.stmcufinder\plugins\mcufinder//mcu/
2022-10-17 16:11:50,186 [WARN] DbFile:35 - Overriding database path with different value: C:\Users\dell\.stmcufinder\plugins\mcufinder/ => C:\Users\dell\.stmcufinder\plugins\mcufinder
2022-10-17 16:11:50,186 [WARN] DbFile:35 - Overriding database path with different value: C:\Users\dell\.stmcufinder\plugins\mcufinder/ => C:\Users\dell\.stmcufinder\plugins\mcufinder
2022-10-17 16:11:50,186 [INFO] CrossReferenceDbSqlite:196 - Set database path to: C:\Users\dell\.stmcufinder\plugins\mcufinder//mcu/cs/
2022-10-17 16:11:50,187 [WARN] DbFile:35 - Overriding database path with different value: C:\Users\dell\.stmcufinder\plugins\mcufinder/ => C:\Users\dell\.stmcufinder\plugins\mcufinder
2022-10-17 16:11:50,187 [INFO] DbExamplesSqlite:767 - Set database path to: C:\Users\dell\.stmcufinder\plugins\mcufinder//mcu/
2022-10-17 16:11:50,269 [INFO] MainPanel:214 - HeapMemory: 268435456
2022-10-17 16:11:50,392 [INFO] DbMcusXml:74 - Set database path to: D:\Programs\STM32\STM32CubeIDE_1.7.0\STM32CubeIDE\plugins\com.st.stm32cube.common.mx_6.3.0.202107141111\\db\/mcu/
2022-10-17 16:11:50,393 [INFO] DbBoardsPdsc:56 - Set plugin database path to: D:\Programs\STM32\STM32CubeIDE_1.7.0\STM32CubeIDE\plugins\com.st.stm32cube.common.mx_6.3.0.202107141111\\db\/plugins/boardmanager/
2022-10-17 16:11:50,394 [INFO] DbMcus:258 - Set plugin images path to: D:\Programs\STM32\STM32CubeIDE_1.7.0\STM32CubeIDE\plugins\com.st.stm32cube.common.mx_6.3.0.202107141111\\db\/plugins/mcufinder/images/
2022-10-17 16:11:50,394 [INFO] DbBoards:264 - Set plugin images path to: D:\Programs\STM32\STM32CubeIDE_1.7.0\STM32CubeIDE\plugins\com.st.stm32cube.common.mx_6.3.0.202107141111\\db\/plugins/mcufinder/images/
2022-10-17 16:11:50,394 [INFO] DbExamples:333 - Set plugin images path to: D:\Programs\STM32\STM32CubeIDE_1.7.0\STM32CubeIDE\plugins\com.st.stm32cube.common.mx_6.3.0.202107141111\\db\/plugins/mcufinder/images/
2022-10-17 16:11:50,395 [WARN] DbFile:35 - Overriding database path with different value: C:\Users\dell\.stmcufinder\plugins\mcufinder/ => C:\Users\dell\.stmcufinder\plugins\mcufinder
2022-10-17 16:11:50,396 [INFO] DbMcusAds:119 - Set database path to: C:\Users\dell\.stmcufinder\plugins\mcufinder//mcu/
2022-10-17 16:11:50,396 [WARN] DbFile:35 - Overriding database path with different value: C:\Users\dell\.stmcufinder\plugins\mcufinder/ => C:\Users\dell\.stmcufinder\plugins\mcufinder
2022-10-17 16:11:50,396 [INFO] DbMcusDocs:110 - Set database path to: C:\Users\dell\.stmcufinder\plugins\mcufinder//mcu/
2022-10-17 16:11:50,396 [WARN] DbFile:35 - Overriding database path with different value: C:\Users\dell\.stmcufinder\plugins\mcufinder/ => C:\Users\dell\.stmcufinder\plugins\mcufinder
2022-10-17 16:11:50,396 [INFO] DbMcusJson:64 - Set database path to: C:\Users\dell\.stmcufinder\plugins\mcufinder//mcu/
2022-10-17 16:11:50,397 [WARN] DbFile:35 - Overriding database path with different value: C:\Users\dell\.stmcufinder\plugins\mcufinder/ => C:\Users\dell\.stmcufinder\plugins\mcufinder
2022-10-17 16:11:50,397 [INFO] DbBoardsDocs:110 - Set database path to: C:\Users\dell\.stmcufinder\plugins\mcufinder//mcu/
2022-10-17 16:11:50,397 [WARN] DbFile:35 - Overriding database path with different value: C:\Users\dell\.stmcufinder\plugins\mcufinder/ => C:\Users\dell\.stmcufinder\plugins\mcufinder
2022-10-17 16:11:50,397 [INFO] DbBoardsJson:57 - Set database path to: C:\Users\dell\.stmcufinder\plugins\mcufinder//mcu/
2022-10-17 16:11:50,397 [WARN] DbFile:35 - Overriding database path with different value: C:\Users\dell\.stmcufinder\plugins\mcufinder/ => C:\Users\dell\.stmcufinder\plugins\mcufinder
2022-10-17 16:11:50,397 [WARN] DbFile:35 - Overriding database path with different value: C:\Users\dell\.stmcufinder\plugins\mcufinder/ => C:\Users\dell\.stmcufinder\plugins\mcufinder
2022-10-17 16:11:50,397 [INFO] CrossReferenceDbSqlite:196 - Set database path to: C:\Users\dell\.stmcufinder\plugins\mcufinder//mcu/cs/
2022-10-17 16:11:50,398 [WARN] DbFile:35 - Overriding database path with different value: C:\Users\dell\.stmcufinder\plugins\mcufinder/ => C:\Users\dell\.stmcufinder\plugins\mcufinder
2022-10-17 16:11:50,398 [INFO] DbExamplesSqlite:767 - Set database path to: C:\Users\dell\.stmcufinder\plugins\mcufinder//mcu/
2022-10-17 16:11:50,448 [INFO] ApplicationProperties:181 - Using Application install path: D:\Programs\STM32\STM32CubeIDE_1.7.0\STM32CubeIDE\plugins\com.st.stm32cube.common.mx_6.3.0.202107141111
2022-10-17 16:11:50,451 [INFO] PluginManage:188 - Search for loadable plugins [exclusion list=, ]
2022-10-17 16:11:50,453 [INFO] PluginManage:302 - Check plugin analytics
2022-10-17 16:11:55,187 [INFO] AnalyticsPlugin:257 - Accepted Software Licenses: 
2022-10-17 16:11:55,188 [INFO] AnalyticsPlugin:259 - Accepted CMSIS Pack Licenses: 
2022-10-17 16:11:55,189 [INFO] AnalyticsPlugin:261 - Accepted Firmware Licenses: 
2022-10-17 16:11:55,190 [INFO] PluginManage:352 - Loaded plugin analytics (category:tool,tabindex:-1)
2022-10-17 16:11:55,190 [INFO] PluginManage:302 - Check plugin clock
2022-10-17 16:11:55,228 [INFO] PluginManage:352 - Loaded plugin clock (category:base,tabindex:2)
2022-10-17 16:11:55,228 [INFO] PluginManage:302 - Check plugin ddr
2022-10-17 16:11:55,232 [INFO] PluginManage:352 - Loaded plugin ddr (category:tool,tabindex:6)
2022-10-17 16:11:55,233 [INFO] PluginManage:302 - Check plugin filemanager
2022-10-17 16:11:55,467 [INFO] PluginManage:352 - Loaded plugin filemanager (category:base,tabindex:10)
2022-10-17 16:11:55,467 [INFO] PluginManage:302 - Check plugin ipmanager
2022-10-17 16:11:55,480 [INFO] PluginManage:352 - Loaded plugin ipmanager (category:base,tabindex:5)
2022-10-17 16:11:55,481 [INFO] PluginManage:302 - Check plugin pinoutandconfiguration
2022-10-17 16:11:55,498 [INFO] PluginManage:352 - Loaded plugin pinoutandconfiguration (category:base,tabindex:1)
2022-10-17 16:11:55,498 [INFO] PluginManage:302 - Check plugin pinoutconfig
2022-10-17 16:11:55,540 [INFO] PluginManage:352 - Loaded plugin pinoutconfig (category:base,tabindex:0)
2022-10-17 16:11:55,540 [INFO] PluginManage:302 - Check plugin power
2022-10-17 16:11:55,558 [INFO] PluginManage:352 - Loaded plugin power (category:power,tabindex:4)
2022-10-17 16:11:55,559 [INFO] PluginManage:302 - Check plugin projectmanager
2022-10-17 16:11:55,583 [INFO] PluginManage:352 - Loaded plugin projectmanager (category:projectmanager,tabindex:3)
2022-10-17 16:11:55,583 [INFO] PluginManage:302 - Check plugin thirdparty
2022-10-17 16:11:55,852 [WARN] IntegrityCheckThread:78 - waiting for thirdparty lock release [integrity check]
2022-10-17 16:11:55,854 [INFO] IntegrityCheckThread:80 - entering critical section [integrity check]
2022-10-17 16:11:55,854 [INFO] PluginManage:352 - Loaded plugin thirdparty (category:base,tabindex:-1)
2022-10-17 16:11:55,854 [INFO] ThirdPartyUpdaterWithRetryManager:66 - Updater plugin not ready yet. [1/15]
2022-10-17 16:11:55,854 [INFO] PluginManage:302 - Check plugin tools
2022-10-17 16:11:55,859 [INFO] PluginManage:352 - Loaded plugin tools (category:base,tabindex:7)
2022-10-17 16:11:55,859 [INFO] PluginManage:302 - Check plugin tutovideos
2022-10-17 16:11:56,249 [INFO] PluginManage:352 - Loaded plugin tutovideos (category:base,tabindex:-1)
2022-10-17 16:11:56,249 [INFO] PluginManage:302 - Check plugin updater
2022-10-17 16:11:56,273 [INFO] PluginManage:352 - Loaded plugin updater (category:base,tabindex:12)
2022-10-17 16:11:56,274 [INFO] PluginManage:275 - PluginManage : Loaded plugins [13]
2022-10-17 16:11:56,568 [INFO] PinOutPanel:1463 - setPackage(No Configuration,No Configuration)
2022-10-17 16:11:56,692 [INFO] IPUIPlugin:74 - create IPUIPlugin
2022-10-17 16:11:56,693 [INFO] PluginManager:213 - loadIPPluginJar : add adc
2022-10-17 16:11:56,697 [INFO] IPUIPlugin:74 - create IPUIPlugin
2022-10-17 16:11:56,698 [INFO] PluginManager:213 - loadIPPluginJar : add aes
2022-10-17 16:11:56,702 [INFO] IPUIPlugin:74 - create IPUIPlugin
2022-10-17 16:11:56,703 [INFO] PluginManager:213 - loadIPPluginJar : add can
2022-10-17 16:11:56,706 [INFO] IPUIPlugin:74 - create IPUIPlugin
2022-10-17 16:11:56,707 [INFO] PluginManager:213 - loadIPPluginJar : add comp
2022-10-17 16:11:56,712 [INFO] IPUIPlugin:74 - create IPUIPlugin
2022-10-17 16:11:56,712 [INFO] PluginManager:213 - loadIPPluginJar : add cryp
2022-10-17 16:11:56,718 [INFO] IPUIPlugin:74 - create IPUIPlugin
2022-10-17 16:11:56,719 [INFO] PluginManager:213 - loadIPPluginJar : add dfsdm
2022-10-17 16:11:56,730 [INFO] IPUIPlugin:74 - create IPUIPlugin
2022-10-17 16:11:56,731 [INFO] PluginManager:213 - loadIPPluginJar : add dma
2022-10-17 16:11:56,737 [INFO] IPUIPlugin:74 - create IPUIPlugin
2022-10-17 16:11:56,738 [INFO] PluginManager:213 - loadIPPluginJar : add dma3
2022-10-17 16:11:56,742 [INFO] IPUIPlugin:74 - create IPUIPlugin
2022-10-17 16:11:56,743 [INFO] PluginManager:213 - loadIPPluginJar : add fatfs
2022-10-17 16:11:56,752 [INFO] IPUIPlugin:74 - create IPUIPlugin
2022-10-17 16:11:56,753 [INFO] PluginManager:213 - loadIPPluginJar : add fmc
2022-10-17 16:11:56,764 [INFO] IPUIPlugin:74 - create IPUIPlugin
2022-10-17 16:11:56,765 [INFO] PluginManager:213 - loadIPPluginJar : add freertos
2022-10-17 16:11:56,769 [INFO] IPUIPlugin:74 - create IPUIPlugin
2022-10-17 16:11:56,769 [INFO] PluginManager:213 - loadIPPluginJar : add genericplugin
2022-10-17 16:11:56,775 [INFO] IPUIPlugin:74 - create IPUIPlugin
2022-10-17 16:11:56,776 [INFO] PluginManager:213 - loadIPPluginJar : add gfxmmu
2022-10-17 16:11:56,786 [INFO] IPUIPlugin:74 - create IPUIPlugin
2022-10-17 16:11:56,787 [INFO] PluginManager:213 - loadIPPluginJar : add gic
2022-10-17 16:11:56,795 [INFO] IPUIPlugin:74 - create IPUIPlugin
2022-10-17 16:11:56,795 [INFO] PluginManager:213 - loadIPPluginJar : add gpio
2022-10-17 16:11:56,800 [INFO] IPUIPlugin:74 - create IPUIPlugin
2022-10-17 16:11:56,800 [INFO] PluginManager:213 - loadIPPluginJar : add gtzc
2022-10-17 16:11:56,804 [INFO] IPUIPlugin:74 - create IPUIPlugin
2022-10-17 16:11:56,805 [INFO] PluginManager:213 - loadIPPluginJar : add hash
2022-10-17 16:11:56,810 [INFO] IPUIPlugin:74 - create IPUIPlugin
2022-10-17 16:11:56,811 [INFO] PluginManager:213 - loadIPPluginJar : add i2c
2022-10-17 16:11:56,833 [INFO] IPUIPlugin:74 - create IPUIPlugin
2022-10-17 16:11:56,833 [INFO] PluginManager:213 - loadIPPluginJar : add i2s
2022-10-17 16:11:56,839 [INFO] IPUIPlugin:74 - create IPUIPlugin
2022-10-17 16:11:56,839 [INFO] PluginManager:213 - loadIPPluginJar : add ipddr
2022-10-17 16:11:56,850 [INFO] IPUIPlugin:74 - create IPUIPlugin
2022-10-17 16:11:56,850 [INFO] PluginManager:213 - loadIPPluginJar : add linkedlist
2022-10-17 16:11:56,855 [INFO] IPUIPlugin:74 - create IPUIPlugin
2022-10-17 16:11:56,855 [INFO] PluginManager:213 - loadIPPluginJar : add lorawan
2022-10-17 16:11:56,859 [INFO] IPUIPlugin:74 - create IPUIPlugin
2022-10-17 16:11:56,859 [INFO] PluginManager:213 - loadIPPluginJar : add ltdc
2022-10-17 16:11:56,868 [INFO] IPUIPlugin:74 - create IPUIPlugin
2022-10-17 16:11:56,868 [INFO] PluginManager:213 - loadIPPluginJar : add mdma
2022-10-17 16:11:56,876 [INFO] IPUIPlugin:74 - create IPUIPlugin
2022-10-17 16:11:56,876 [INFO] PluginManager:213 - loadIPPluginJar : add nvic
2022-10-17 16:11:56,882 [INFO] IPUIPlugin:74 - create IPUIPlugin
2022-10-17 16:11:56,883 [INFO] PluginManager:213 - loadIPPluginJar : add opamp
2022-10-17 16:11:56,888 [INFO] IPUIPlugin:74 - create IPUIPlugin
2022-10-17 16:11:56,888 [INFO] PluginManager:213 - loadIPPluginJar : add openamp
2022-10-17 16:11:56,894 [INFO] IPUIPlugin:74 - create IPUIPlugin
2022-10-17 16:11:56,894 [INFO] PluginManager:213 - loadIPPluginJar : add pdm2pcm
2022-10-17 16:11:56,906 [INFO] IPUIPlugin:74 - create IPUIPlugin
2022-10-17 16:11:56,912 [INFO] PluginManager:213 - loadIPPluginJar : add plateformsettings
2022-10-17 16:11:56,916 [INFO] IPUIPlugin:74 - create IPUIPlugin
2022-10-17 16:11:56,917 [INFO] PluginManager:213 - loadIPPluginJar : add quadspi
2022-10-17 16:11:56,924 [INFO] IPUIPlugin:74 - create IPUIPlugin
2022-10-17 16:11:56,925 [INFO] PluginManager:213 - loadIPPluginJar : add resmgrutility
2022-10-17 16:11:56,931 [INFO] IPUIPlugin:74 - create IPUIPlugin
2022-10-17 16:11:56,931 [INFO] PluginManager:213 - loadIPPluginJar : add sai
2022-10-17 16:11:56,937 [INFO] IPUIPlugin:74 - create IPUIPlugin
2022-10-17 16:11:56,938 [INFO] PluginManager:213 - loadIPPluginJar : add spi
2022-10-17 16:11:56,946 [INFO] IPUIPlugin:74 - create IPUIPlugin
2022-10-17 16:11:56,947 [INFO] PluginManager:213 - loadIPPluginJar : add stm32_wpan
2022-10-17 16:11:56,951 [INFO] IPUIPlugin:74 - create IPUIPlugin
2022-10-17 16:11:56,952 [INFO] PluginManager:213 - loadIPPluginJar : add tim
2022-10-17 16:11:56,958 [INFO] IPUIPlugin:74 - create IPUIPlugin
2022-10-17 16:11:56,959 [INFO] PluginManager:213 - loadIPPluginJar : add touchsensing
2022-10-17 16:11:56,963 [INFO] IPUIPlugin:74 - create IPUIPlugin
2022-10-17 16:11:56,964 [INFO] PluginManager:213 - loadIPPluginJar : add tracer_emb
2022-10-17 16:11:56,969 [INFO] IPUIPlugin:74 - create IPUIPlugin
2022-10-17 16:11:56,969 [INFO] PluginManager:213 - loadIPPluginJar : add ts
2022-10-17 16:11:56,973 [INFO] IPUIPlugin:74 - create IPUIPlugin
2022-10-17 16:11:56,973 [INFO] PluginManager:213 - loadIPPluginJar : add tsc
2022-10-17 16:11:56,977 [INFO] IPUIPlugin:74 - create IPUIPlugin
2022-10-17 16:11:56,977 [INFO] PluginManager:213 - loadIPPluginJar : add ucpd
2022-10-17 16:11:56,983 [INFO] IPUIPlugin:74 - create IPUIPlugin
2022-10-17 16:11:56,984 [INFO] PluginManager:213 - loadIPPluginJar : add usart
2022-10-17 16:11:56,988 [INFO] IPUIPlugin:74 - create IPUIPlugin
2022-10-17 16:11:56,989 [INFO] PluginManager:213 - loadIPPluginJar : add usbx
2022-10-17 16:11:57,463 [FATAL] Updater:294 - Updater called before beeing initialized
2022-10-17 16:11:57,637 [FATAL] Updater:294 - Updater called before beeing initialized
2022-10-17 16:11:57,649 [INFO] DbMcusAds:47 - JSON generation date=Thu Sep 30 13:55:09 ICT 2021 (1632984909247)
2022-10-17 16:11:57,650 [FATAL] Updater:294 - Updater called before beeing initialized
2022-10-17 16:11:57,729 [WARN] DetailPanel:314 - Failed to get advertising image, set to default
2022-10-17 16:11:57,862 [FATAL] Updater:294 - Updater called before beeing initialized
2022-10-17 16:11:57,865 [FATAL] Updater:294 - Updater called before beeing initialized
2022-10-17 16:11:57,865 [FATAL] Updater:294 - Updater called before beeing initialized
2022-10-17 16:11:57,866 [WARN] DetailPanel:314 - Failed to get advertising image, set to default
2022-10-17 16:11:57,867 [FATAL] Updater:294 - Updater called before beeing initialized
2022-10-17 16:11:57,945 [ERROR] Updater:1075 - MainUpdater not yet initialized. External WinMGr cannot be set.
2022-10-17 16:11:57,951 [INFO] Updater:1012 - Updater Version found : 6.3.0
2022-10-17 16:11:57,977 [INFO] ApplicationProperties:181 - Using Application install path: D:\Programs\STM32\STM32CubeIDE_1.7.0\STM32CubeIDE\plugins\com.st.stm32cube.common.mx_6.3.0.202107141111
2022-10-17 16:11:58,161 [INFO] MainUpdater:2671 - connection check result : 10
2022-10-17 16:11:58,164 [INFO] MainUpdater:265 - Updater Check For Update Now.
2022-10-17 16:11:58,165 [INFO] MicroXplorer:478 - Change Database Version : DB.6.0.30
2022-10-17 16:11:58,349 [INFO] CheckServerUpdateThread:112 - End of CheckServer Thread
2022-10-17 16:11:58,387 [INFO] MainUpdater:2671 - connection check result : 10
2022-10-17 16:11:58,394 [INFO] MainUpdater:2671 - connection check result : 10
2022-10-17 16:11:58,565 [INFO] MicroXplorer:448 - Change Database Path : 
2022-10-17 16:11:58,566 [INFO] MicroXplorer:478 - Change Database Version : DB.6.0.30
2022-10-17 16:11:58,568 [WARN] ThirdParty:813 - waiting for thirdparty lock release [close project]
2022-10-17 16:11:59,194 [WARN] PackLoader:238 - Cannot read IP mode file for STMicroelectronics.X-CUBE-AZRTOS-F4.1.1.0
2022-10-17 16:11:59,252 [WARN] PackLoader:238 - Cannot read IP mode file for STMicroelectronics.X-CUBE-BLEMGR.1.2.0
2022-10-17 16:11:59,351 [WARN] PackLoader:238 - Cannot read IP mode file for STMicroelectronics.X-CUBE-AZRTOS-F7.1.1.0
2022-10-17 16:11:59,405 [WARN] PackLoader:238 - Cannot read IP mode file for STMicroelectronics.X-CUBE-NFC4.2.0.4
2022-10-17 16:11:59,443 [WARN] PackLoader:238 - Cannot read IP mode file for STMicroelectronics.X-CUBE-TOF1.3.1.0
2022-10-17 16:11:59,475 [WARN] PackLoader:238 - Cannot read IP mode file for wolfSSL.I-CUBE-wolfSSL.5.5.1
2022-10-17 16:11:59,493 [WARN] PackLoader:238 - Cannot read IP mode file for STMicroelectronics.X-CUBE-NFC7.1.0.0
2022-10-17 16:11:59,533 [WARN] PackLoader:238 - Cannot read IP mode file for STMicroelectronics.X-CUBE-SFXS2LP1.4.0.0
2022-10-17 16:11:59,566 [WARN] PackLoader:238 - Cannot read IP mode file for RoweBots.I-CUBE-UNISONRTOS.5.5.0-4
2022-10-17 16:11:59,651 [WARN] PackLoader:238 - Cannot read IP mode file for STMicroelectronics.X-CUBE-AZRTOS-H7.2.1.0
2022-10-17 16:11:59,670 [WARN] PackLoader:238 - Cannot read IP mode file for STMicroelectronics.X-CUBE-BLEMGR.1.0.0
2022-10-17 16:11:59,686 [WARN] PackLoader:238 - Cannot read IP mode file for STMicroelectronics.X-CUBE-ALGOBUILD.1.3.0
2022-10-17 16:11:59,720 [WARN] PackLoader:238 - Cannot read IP mode file for STMicroelectronics.X-CUBE-AZRTOS-G0.1.1.0
2022-10-17 16:11:59,753 [WARN] PackLoader:238 - Cannot read IP mode file for STMicroelectronics.X-CUBE-SUBG2.5.0.0
2022-10-17 16:11:59,811 [WARN] PackLoader:238 - Cannot read IP mode file for SEGGER.I-CUBE-embOS.1.2.1
2022-10-17 16:11:59,951 [WARN] PackLoader:238 - Cannot read IP mode file for STMicroelectronics.X-CUBE-AZRTOS-G4.1.0.0
2022-10-17 16:11:59,967 [WARN] PackLoader:238 - Cannot read IP mode file for STMicroelectronics.FP-ATR-SIGFOX1.3.2.0
2022-10-17 16:12:00,036 [WARN] PackLoader:238 - Cannot read IP mode file for STMicroelectronics.X-CUBE-AZRTOS-L4.1.0.0
2022-10-17 16:12:00,071 [WARN] PackLoader:238 - Cannot read IP mode file for emotas.I-CUBE-CANOPEN.1.1.2
2022-10-17 16:12:00,085 [WARN] PackLoader:238 - Cannot read IP mode file for STMicroelectronics.X-CUBE-TOUCHGFX.4.20.0
2022-10-17 16:12:00,143 [WARN] PackLoader:238 - Cannot read IP mode file for STMicroelectronics.X-CUBE-AZRTOS-WL.1.0.0
2022-10-17 16:12:00,167 [WARN] PackLoader:238 - Cannot read IP mode file for portGmbH.I-Cube-SoM-uGOAL.1.1.0
2022-10-17 16:12:00,230 [WARN] PackLoader:238 - Cannot read IP mode file for STMicroelectronics.X-CUBE-AZRTOS-L5.1.0.0
2022-10-17 16:12:00,234 [INFO] ThirdParty:915 - Integrity check success = true
2022-10-17 16:12:00,234 [INFO] IntegrityCheckThread:94 - exiting critical section [integrity check]
2022-10-17 16:12:00,234 [INFO] IntegrityCheckThread:97 - End integrity checks thread
2022-10-17 16:12:00,234 [INFO] ThirdParty:815 - entering critical section [close project]
2022-10-17 16:12:00,235 [INFO] ThirdParty:825 - exiting critical section [close project]
2022-10-17 16:12:00,241 [INFO] PinOutPanel:1463 - setPackage(No Configuration,No Configuration)
2022-10-17 16:12:00,242 [INFO] UtilMem:74 - Begin LoadConfig() Used Memory: 223912616 Bytes (300941312)
2022-10-17 16:12:00,243 [INFO] MicroXplorer:448 - Change Database Path : 
2022-10-17 16:12:00,244 [INFO] MicroXplorer:478 - Change Database Version : DB.6.0.30
2022-10-17 16:12:00,244 [INFO] OpenFileManager:313 - Change cursor
2022-10-17 16:12:02,424 [INFO] Context:592 - Trying to add GPIOservice into a context  which must be forbidden
2022-10-17 16:12:02,808 [WARN] ModelIntegratedComponent:60 - No mode defined for component null
2022-10-17 16:12:02,808 [WARN] ModelIntegratedComponent:60 - No mode defined for component null
2022-10-17 16:12:02,808 [WARN] ModelIntegratedComponent:60 - No mode defined for component null
2022-10-17 16:12:02,809 [WARN] ModelIntegratedComponent:60 - No mode defined for component null
2022-10-17 16:12:02,809 [WARN] ModelIntegratedComponent:60 - No mode defined for component null
2022-10-17 16:12:02,809 [WARN] ModelIntegratedComponent:60 - No mode defined for component null
2022-10-17 16:12:02,809 [WARN] ModelIntegratedComponent:60 - No mode defined for component null
2022-10-17 16:12:02,809 [WARN] ModelIntegratedComponent:60 - No mode defined for component null
2022-10-17 16:12:02,809 [WARN] ModelIntegratedComponent:60 - No mode defined for component null
2022-10-17 16:12:02,809 [WARN] ModelIntegratedComponent:60 - No mode defined for component null
2022-10-17 16:12:02,809 [WARN] ModelIntegratedComponent:60 - No mode defined for component null
2022-10-17 16:12:02,809 [WARN] ModelIntegratedComponent:60 - No mode defined for component null
2022-10-17 16:12:02,810 [WARN] ModelIntegratedComponent:60 - No mode defined for component null
2022-10-17 16:12:02,810 [WARN] ModelIntegratedComponent:60 - No mode defined for component null
2022-10-17 16:12:02,810 [WARN] ModelIntegratedComponent:60 - No mode defined for component null
2022-10-17 16:12:02,810 [WARN] ModelIntegratedComponent:60 - No mode defined for component null
2022-10-17 16:12:02,810 [WARN] ModelIntegratedComponent:60 - No mode defined for component null
2022-10-17 16:12:02,810 [WARN] ModelIntegratedComponent:60 - No mode defined for component null
2022-10-17 16:12:02,810 [WARN] ModelIntegratedComponent:60 - No mode defined for component null
2022-10-17 16:12:02,810 [WARN] ModelIntegratedComponent:60 - No mode defined for component null
2022-10-17 16:12:02,810 [WARN] ModelIntegratedComponent:60 - No mode defined for component null
2022-10-17 16:12:02,811 [WARN] ModelIntegratedComponent:60 - No mode defined for component null
2022-10-17 16:12:02,811 [WARN] ModelIntegratedComponent:60 - No mode defined for component null
2022-10-17 16:12:02,811 [WARN] ModelIntegratedComponent:60 - No mode defined for component null
2022-10-17 16:12:02,811 [WARN] ModelIntegratedComponent:60 - No mode defined for component null
2022-10-17 16:12:02,811 [WARN] ModelIntegratedComponent:60 - No mode defined for component null
2022-10-17 16:12:02,811 [WARN] ModelIntegratedComponent:60 - No mode defined for component null
2022-10-17 16:12:02,811 [WARN] ModelIntegratedComponent:60 - No mode defined for component null
2022-10-17 16:12:02,811 [WARN] ModelIntegratedComponent:60 - No mode defined for component null
2022-10-17 16:12:02,811 [WARN] ModelIntegratedComponent:60 - No mode defined for component null
2022-10-17 16:12:02,811 [WARN] ModelIntegratedComponent:60 - No mode defined for component null
2022-10-17 16:12:02,818 [WARN] ApiManager:304 - Cannot register API 'Board Extension:NFC07A1' from pack STMicroelectronics.X-CUBE-NFC7.1.0.0: no header file found
2022-10-17 16:12:02,833 [INFO] RtosManager:484 - Registered RTOS mode: class=CMSIS, group=RTOS, mode=CMSIS_V1, owner=FREERTOS
2022-10-17 16:12:02,833 [INFO] RtosManager:484 - Registered RTOS mode: class=CMSIS, group=RTOS2, mode=CMSIS_V2, owner=FREERTOS
2022-10-17 16:12:02,833 [INFO] RtosManager:484 - Registered RTOS mode: class=RTOS, group=Core, mode=CMSIS_V1, owner=FREERTOS
2022-10-17 16:12:02,834 [INFO] RtosManager:484 - Registered RTOS mode: class=RTOS, group=Core, mode=CMSIS_V2, owner=FREERTOS
2022-10-17 16:12:02,834 [WARN] ModelIntegratedComponent:181 - Missing modes for component STMicroelectronics:FreeRTOS:0.0.1:STMicroelectronics:RTOS:FreeRTOS:Core:::10.2.0:
2022-10-17 16:12:02,841 [WARN] ApiManager:304 - Cannot register API 'Board Extension:S2868A1' from pack STMicroelectronics.X-CUBE-SUBG2.5.0.0: no header file found
2022-10-17 16:12:02,841 [WARN] ApiManager:304 - Cannot register API 'Board Extension:S2868A2' from pack STMicroelectronics.X-CUBE-SUBG2.5.0.0: no header file found
2022-10-17 16:12:02,841 [WARN] ApiManager:304 - Cannot register API 'Board Extension:S2915A1' from pack STMicroelectronics.X-CUBE-SUBG2.5.0.0: no header file found
2022-10-17 16:12:02,870 [WARN] ApiManager:304 - Cannot register API 'Board Extension:S2868A1' from pack STMicroelectronics.X-CUBE-SFXS2LP1.4.0.0: no header file found
2022-10-17 16:12:02,870 [WARN] ApiManager:304 - Cannot register API 'Board Extension:S2868A2' from pack STMicroelectronics.X-CUBE-SFXS2LP1.4.0.0: no header file found
2022-10-17 16:12:02,870 [WARN] ApiManager:304 - Cannot register API 'Board Extension:S2915A1' from pack STMicroelectronics.X-CUBE-SFXS2LP1.4.0.0: no header file found
2022-10-17 16:12:02,872 [WARN] ApiManager:304 - Cannot register API 'Board Extension:NFC04A1' from pack STMicroelectronics.X-CUBE-NFC4.2.0.4: no header file found
2022-10-17 16:12:03,868 [INFO] UtilMem:74 - End LoadConfig() Used Memory: 232237736 Bytes (300941312)
2022-10-17 16:12:03,870 [INFO] DbMcusXml:100 - Load MCU database from D:\Programs\STM32\STM32CubeIDE_1.7.0\STM32CubeIDE\plugins\com.st.stm32cube.common.mx_6.3.0.202107141111\\db\/mcu/families.xml
2022-10-17 16:12:05,204 [INFO] DbMcusJson:93 - JSON generation date=Tue Nov 16 23:17:54 ICT 2021 (1637079474)
2022-10-17 16:12:06,250 [INFO] DbMcus:175 - Found 1951 MCUs (1903 are supported by CubeMX, 1914 are visible in CubeMX)
2022-10-17 16:12:06,252 [INFO] ApiDb:251 - Load user favorites file C:\Users\dell/.stm32cubeide/favorites.mcus.txt: 0 item(s)
2022-10-17 16:12:06,252 [INFO] ApiDb:255 - User favorites MCUs=[]
2022-10-17 16:12:06,252 [INFO] DbMcus:187 - Set 0 / 0 favorites MCUs
2022-10-17 16:12:06,265 [WARN] ThirdParty:779 - waiting for thirdparty lock release [change project]
2022-10-17 16:12:06,265 [INFO] ThirdParty:781 - entering critical section [change project]
2022-10-17 16:12:06,265 [INFO] ThirdParty:967 - CMSIS Pack Vendor :RoweBots I-CUBE-UNISONRTOS 5.5.0-4
2022-10-17 16:12:06,266 [INFO] ThirdParty:967 - CMSIS Pack Vendor :STMicroelectronics X-CUBE-AZRTOS-H7 2.1.0
2022-10-17 16:12:06,266 [INFO] ThirdParty:967 - CMSIS Pack Vendor :STMicroelectronics USB_HOST 2.0.0
2022-10-17 16:12:06,266 [INFO] ThirdParty:967 - CMSIS Pack Vendor :STMicroelectronics X-CUBE-AZRTOS-F4 1.1.0
2022-10-17 16:12:06,266 [INFO] ThirdParty:967 - CMSIS Pack Vendor :STMicroelectronics X-CUBE-AZRTOS-G4 1.0.0
2022-10-17 16:12:06,266 [INFO] ThirdParty:967 - CMSIS Pack Vendor :STMicroelectronics FP-ATR-SIGFOX1 3.2.0
2022-10-17 16:12:06,266 [INFO] ThirdParty:967 - CMSIS Pack Vendor :STMicroelectronics X-CUBE-AZRTOS-L4 1.0.0
2022-10-17 16:12:06,266 [INFO] ThirdParty:967 - CMSIS Pack Vendor :wolfSSL I-CUBE-wolfSSL 5.5.1
2022-10-17 16:12:06,266 [INFO] ThirdParty:967 - CMSIS Pack Vendor :STMicroelectronics USB_DEVICE 3.0.0
2022-10-17 16:12:06,266 [INFO] ThirdParty:967 - CMSIS Pack Vendor :STMicroelectronics HAL Drivers 0.0.0
2022-10-17 16:12:06,266 [INFO] ThirdParty:967 - CMSIS Pack Vendor :STMicroelectronics MBEDTLS 2.16.2
2022-10-17 16:12:06,266 [INFO] ThirdParty:967 - CMSIS Pack Vendor :emotas I-CUBE-CANOPEN 1.1.2
2022-10-17 16:12:06,266 [INFO] ThirdParty:967 - CMSIS Pack Vendor :STMicroelectronics X-CUBE-TOUCHGFX 4.20.0
2022-10-17 16:12:06,266 [INFO] ThirdParty:967 - CMSIS Pack Vendor :STMicroelectronics MBEDTLS 2.14.1
2022-10-17 16:12:06,267 [INFO] ThirdParty:967 - CMSIS Pack Vendor :STMicroelectronics X-CUBE-NFC7 1.0.0
2022-10-17 16:12:06,267 [INFO] ThirdParty:967 - CMSIS Pack Vendor :STMicroelectronics X-CUBE-BLEMGR 1.0.0
2022-10-17 16:12:06,267 [INFO] ThirdParty:967 - CMSIS Pack Vendor :STMicroelectronics X-CUBE-BLEMGR 1.2.0
2022-10-17 16:12:06,267 [INFO] ThirdParty:967 - CMSIS Pack Vendor :STMicroelectronics X-CUBE-AZRTOS-WL 1.0.0
2022-10-17 16:12:06,267 [INFO] ThirdParty:967 - CMSIS Pack Vendor :STMicroelectronics X-CUBE-AZRTOS-F7 1.1.0
2022-10-17 16:12:06,267 [INFO] ThirdParty:967 - CMSIS Pack Vendor :portGmbH I-Cube-SoM-uGOAL 1.1.0
2022-10-17 16:12:06,268 [INFO] ThirdParty:967 - CMSIS Pack Vendor :STMicroelectronics USB_DEVICE 2.0.0
2022-10-17 16:12:06,268 [INFO] ThirdParty:967 - CMSIS Pack Vendor :STMicroelectronics X-CUBE-ALGOBUILD 1.3.0
2022-10-17 16:12:06,268 [INFO] ThirdParty:967 - CMSIS Pack Vendor :STMicroelectronics X-CUBE-AZRTOS-L5 1.0.0
2022-10-17 16:12:06,268 [INFO] ThirdParty:967 - CMSIS Pack Vendor :STMicroelectronics FreeRTOS 0.0.1
2022-10-17 16:12:06,268 [INFO] ThirdParty:967 - CMSIS Pack Vendor :STMicroelectronics X-CUBE-AZRTOS-G0 1.1.0
2022-10-17 16:12:06,268 [INFO] ThirdParty:967 - CMSIS Pack Vendor :STMicroelectronics USB_DEVICE 1.0.0
2022-10-17 16:12:06,268 [INFO] ThirdParty:967 - CMSIS Pack Vendor :STMicroelectronics X-CUBE-SUBG2 5.0.0
2022-10-17 16:12:06,268 [INFO] ThirdParty:967 - CMSIS Pack Vendor :SEGGER I-CUBE-embOS 1.2.1
2022-10-17 16:12:06,268 [INFO] ThirdParty:967 - CMSIS Pack Vendor :STMicroelectronics ThreadX 0.0.2
2022-10-17 16:12:06,268 [INFO] ThirdParty:967 - CMSIS Pack Vendor :STMicroelectronics lwIP 2.0.3
2022-10-17 16:12:06,268 [INFO] ThirdParty:967 - CMSIS Pack Vendor :STMicroelectronics lwIP 2.1.2
2022-10-17 16:12:06,269 [INFO] ThirdParty:967 - CMSIS Pack Vendor :STMicroelectronics X-CUBE-SFXS2LP1 4.0.0
2022-10-17 16:12:06,269 [INFO] ThirdParty:967 - CMSIS Pack Vendor :STMicroelectronics X-CUBE-NFC4 2.0.4
2022-10-17 16:12:06,269 [INFO] ThirdParty:967 - CMSIS Pack Vendor :STMicroelectronics USB_HOST 1.0.0
2022-10-17 16:12:06,269 [INFO] ThirdParty:967 - CMSIS Pack Vendor :STMicroelectronics PDM2PCM 3.1.0
2022-10-17 16:12:06,269 [INFO] ThirdParty:967 - CMSIS Pack Vendor :STMicroelectronics PDM2PCM 3.2.0
2022-10-17 16:12:06,269 [INFO] ThirdParty:967 - CMSIS Pack Vendor :STMicroelectronics PDM2PCM 3.3.0
2022-10-17 16:12:06,269 [INFO] ThirdParty:967 - CMSIS Pack Vendor :STMicroelectronics X-CUBE-TOF1 3.1.0
2022-10-17 16:12:06,269 [INFO] ThirdParty:787 - exiting critical section [change project]
2022-10-17 16:12:06,709 [INFO] PinOutPanel:1463 - setPackage(No Configuration,No Configuration)
2022-10-17 16:12:06,711 [INFO] PinOutPanel:1463 - setPackage(STM32F103C6Tx,LQFP48)
2022-10-17 16:12:07,333 [INFO] UtilMem:74 - Before build in PCC Used Memory: 397277696 Bytes (642777088)
2022-10-17 16:12:08,203 [INFO] UtilMem:74 - After build in PCC Used Memory: 298253744 Bytes (685768704)
2022-10-17 16:12:08,240 [INFO] IPUIPlugin:74 - create IPUIPlugin
2022-10-17 16:12:08,240 [INFO] IPUIPlugin:74 - create IPUIPlugin
2022-10-17 16:12:08,241 [INFO] IPUIPlugin:74 - create IPUIPlugin
2022-10-17 16:12:08,241 [INFO] IPUIPlugin:74 - create IPUIPlugin
2022-10-17 16:12:08,241 [INFO] IPUIPlugin:74 - create IPUIPlugin
2022-10-17 16:12:08,242 [INFO] IPUIPlugin:74 - create IPUIPlugin
2022-10-17 16:12:08,242 [INFO] IPUIPlugin:74 - create IPUIPlugin
2022-10-17 16:12:08,242 [INFO] IPUIPlugin:74 - create IPUIPlugin
2022-10-17 16:12:08,243 [INFO] IPUIPlugin:74 - create IPUIPlugin
2022-10-17 16:12:08,244 [INFO] IPUIPlugin:74 - create IPUIPlugin
2022-10-17 16:12:08,244 [INFO] IPUIPlugin:74 - create IPUIPlugin
2022-10-17 16:12:08,245 [INFO] IPUIPlugin:74 - create IPUIPlugin
2022-10-17 16:12:08,246 [INFO] IPUIPlugin:74 - create IPUIPlugin
2022-10-17 16:12:08,246 [INFO] IPUIPlugin:74 - create IPUIPlugin
2022-10-17 16:12:08,248 [INFO] IPUIPlugin:74 - create IPUIPlugin
2022-10-17 16:12:08,248 [INFO] IPUIPlugin:74 - create IPUIPlugin
2022-10-17 16:12:08,249 [INFO] IPUIPlugin:74 - create IPUIPlugin
2022-10-17 16:12:08,249 [INFO] IPUIPlugin:74 - create IPUIPlugin
2022-10-17 16:12:08,250 [INFO] IPUIPlugin:74 - create IPUIPlugin
2022-10-17 16:12:08,250 [INFO] IPUIPlugin:74 - create IPUIPlugin
2022-10-17 16:12:08,251 [INFO] IPUIPlugin:74 - create IPUIPlugin
2022-10-17 16:12:08,252 [INFO] IPUIPlugin:74 - create IPUIPlugin
2022-10-17 16:12:08,252 [INFO] IPUIPlugin:74 - create IPUIPlugin
2022-10-17 16:12:08,415 [INFO] OpenFileManager:333 - Restore cursor
2022-10-17 16:36:32,452 [INFO] UtilMem:74 - End SaveConfig() Used Memory: 699052504 Bytes (839909376)
2022-10-17 16:36:32,582 [INFO] UtilMem:74 - End SaveConfig() Used Memory: 715829720 Bytes (839909376)
2022-10-17 16:36:33,399 [INFO] UtilMem:74 - End SaveConfig() Used Memory: 619759672 Bytes (839909376)
2022-10-17 16:36:33,868 [INFO] BlockDiagram:2740 - set Specific Code input for plugin: NVIC
2022-10-17 16:36:33,868 [INFO] BlockDiagram:2740 - set Specific Code input for plugin: SYS
2022-10-17 16:36:33,869 [INFO] BlockDiagram:2740 - set Specific Code input for plugin: GPIO
2022-10-17 16:36:33,869 [INFO] BlockDiagram:2740 - set Specific Code input for plugin: RCC
2022-10-17 16:36:33,869 [INFO] BlockDiagram:2740 - set Specific Code input for plugin: TIM1_8F1
2022-10-17 16:36:33,870 [INFO] CodeGenerator:663 - code generatio: config db path: D:\Programs\STM32\STM32CubeIDE_1.7.0\STM32CubeIDE\plugins\com.st.stm32cube.common.mx_6.3.0.202107141111\\db\
2022-10-17 16:36:34,558 [INFO] CodeEngine:239 - oldGeneratedFile, D:\Workspace\Lab MCU\Lab 2\STM32\Lab2\MXTmpFiles\license.tmp_save
2022-10-17 16:36:35,174 [INFO] CodeEngine:257 - Generated code: D:\Workspace\Lab MCU\Lab 2\STM32\Lab2\MXTmpFiles\license.tmp
2022-10-17 16:36:35,436 [INFO] CodeEngine:239 - oldGeneratedFile, D:\Workspace\Lab MCU\Lab 2\STM32\Lab2\MXTmpFiles\gpio.tmp_save
2022-10-17 16:36:35,573 [INFO] CodeEngine:257 - Generated code: D:\Workspace\Lab MCU\Lab 2\STM32\Lab2\MXTmpFiles\gpio.tmp
2022-10-17 16:36:36,961 [INFO] CodeEngine:239 - oldGeneratedFile, D:\Workspace\Lab MCU\Lab 2\STM32\Lab2\Core\Src\stm32f1xx_it.c_save
2022-10-17 16:36:38,011 [INFO] CodeEngine:257 - Generated code: D:\Workspace\Lab MCU\Lab 2\STM32\Lab2\Core\Src\stm32f1xx_it.c
2022-10-17 16:36:38,040 [INFO] CodeEngine:239 - oldGeneratedFile, D:\Workspace\Lab MCU\Lab 2\STM32\Lab2\Core\Inc\stm32f1xx_it.h_save
2022-10-17 16:36:38,329 [INFO] CodeEngine:257 - Generated code: D:\Workspace\Lab MCU\Lab 2\STM32\Lab2\Core\Inc\stm32f1xx_it.h
2022-10-17 16:36:38,347 [INFO] CodeEngine:239 - oldGeneratedFile, D:\Workspace\Lab MCU\Lab 2\STM32\Lab2\Core\Src\stm32f1xx_hal_msp.c_save
2022-10-17 16:36:38,716 [INFO] CodeEngine:257 - Generated code: D:\Workspace\Lab MCU\Lab 2\STM32\Lab2\Core\Src\stm32f1xx_hal_msp.c
2022-10-17 16:36:38,760 [INFO] CodeEngine:239 - oldGeneratedFile, D:\Workspace\Lab MCU\Lab 2\STM32\Lab2\MXTmpFiles\system.tmp_save
2022-10-17 16:36:39,079 [INFO] CodeEngine:257 - Generated code: D:\Workspace\Lab MCU\Lab 2\STM32\Lab2\MXTmpFiles\system.tmp
2022-10-17 16:36:39,114 [INFO] CodeEngine:239 - oldGeneratedFile, D:\Workspace\Lab MCU\Lab 2\STM32\Lab2\Core\Inc\stm32f1xx_hal_conf.h_save
2022-10-17 16:36:39,552 [INFO] CodeEngine:257 - Generated code: D:\Workspace\Lab MCU\Lab 2\STM32\Lab2\Core\Inc\stm32f1xx_hal_conf.h
2022-10-17 16:36:39,590 [WARN] IPConfigManager:3148 - IP not found : TIM
2022-10-17 16:36:39,591 [WARN] CodeGenerator:3268 - IP not found : null
2022-10-17 16:36:39,602 [INFO] CodeEngine:239 - oldGeneratedFile, D:\Workspace\Lab MCU\Lab 2\STM32\Lab2\Core\Inc\main.h_save
2022-10-17 16:36:39,704 [INFO] CodeEngine:257 - Generated code: D:\Workspace\Lab MCU\Lab 2\STM32\Lab2\Core\Inc\main.h
2022-10-17 16:36:39,716 [INFO] CodeEngine:239 - oldGeneratedFile, D:\Workspace\Lab MCU\Lab 2\STM32\Lab2\Core\Src\main.c_save
2022-10-17 16:36:39,948 [INFO] CodeEngine:257 - Generated code: D:\Workspace\Lab MCU\Lab 2\STM32\Lab2\Core\Src\main.c
2022-10-17 16:36:41,700 [INFO] ProjectBuilder:2578 - Time for Copy HAL[1] : 203mS.
2022-10-17 16:36:41,708 [INFO] ProjectBuilder:3622 - Project Generator version: 3.14.1
2022-10-17 16:36:42,610 [INFO] ConfigFileManager:1271 - The Die is : DIE412
2022-10-17 16:36:42,639 [INFO] ApiDbMcu:468 - Load IP Config File for FATFS
2022-10-17 16:36:42,688 [INFO] ApiDbMcu:468 - Load IP Config File for FREERTOS
2022-10-17 16:36:42,732 [INFO] ApiDbMcu:468 - Load IP Config File for USB_DEVICE
2022-10-17 16:36:48,398 [INFO] ProjectBuilder:3789 - Time for Generating toolchain IDE Files: 6690mS.
2022-10-17 16:36:48,400 [INFO] ProjectBuilder:2457 - Time for Copy CMSIS : 0mS.
2022-10-17 16:36:48,402 [INFO] ProjectBuilder:2457 - Time for Copy CMSIS : 0mS.
